TN:
SF:App.tsx
FN:33,LoadingScreen
FN:41,App
FN:46,(anonymous_12)
FN:48,(anonymous_13)
FN:48,(anonymous_14)
FN:70,(anonymous_15)
FN:75,(anonymous_16)
FN:48,initializeApp
FN:88,(anonymous_18)
FN:115,(anonymous_19)
FNF:10
FNH:0
FNDA:0,LoadingScreen
FNDA:0,App
FNDA:0,(anonymous_12)
FNDA:0,(anonymous_13)
FNDA:0,(anonymous_14)
FNDA:0,(anonymous_15)
FNDA:0,(anonymous_16)
FNDA:0,initializeApp
FNDA:0,(anonymous_18)
FNDA:0,(anonymous_19)
DA:2,0
DA:4,0
DA:5,0
DA:6,0
DA:7,0
DA:8,0
DA:9,0
DA:10,0
DA:12,0
DA:15,0
DA:18,0
DA:19,0
DA:21,0
DA:23,0
DA:24,0
DA:25,0
DA:26,0
DA:27,0
DA:28,0
DA:29,0
DA:30,0
DA:33,0
DA:41,0
DA:42,0
DA:43,0
DA:44,0
DA:46,0
DA:48,0
DA:49,0
DA:51,0
DA:52,0
DA:53,0
DA:54,0
DA:58,0
DA:59,0
DA:60,0
DA:67,0
DA:70,0
DA:72,0
DA:75,0
DA:76,0
DA:80,0
DA:82,0
DA:84,0
DA:87,0
DA:89,0
DA:90,0
DA:93,0
DA:97,0
DA:112,0
DA:115,0
DA:116,0
DA:120,0
DA:121,0
DA:124,0
DA:145,0
LF:56
LH:0
BRDA:52,0,0,0
BRDA:58,1,0,0
BRDA:58,2,0,0
BRDA:58,2,1,0
BRDA:93,3,0,0
BRDA:93,4,0,0
BRDA:93,4,1,0
BRDA:93,4,2,0
BRDA:94,5,0,0
BRDA:94,5,1,0
BRDA:95,6,0,0
BRDA:95,6,1,0
BRDA:106,7,0,0
BRDA:106,7,1,0
BRDA:120,8,0,0
BRF:15
BRH:0
end_of_record
TN:
SF:chatConfig.ts
FNF:0
FNH:0
DA:4,0
DA:7,0
DA:8,0
DA:12,0
LF:4
LH:0
BRF:0
BRH:0
end_of_record
TN:
SF:hermesPolyfill.ts
FN:22,(anonymous_0)
FN:25,(anonymous_1)
FN:33,(anonymous_2)
FN:34,(anonymous_3)
FN:48,now
FN:53,(anonymous_5)
FN:60,(anonymous_6)
FN:61,(anonymous_7)
FN:68,(anonymous_8)
FN:93,(anonymous_9)
FNF:10
FNH:0
FNDA:0,(anonymous_0)
FNDA:0,(anonymous_1)
FNDA:0,(anonymous_2)
FNDA:0,(anonymous_3)
FNDA:0,now
FNDA:0,(anonymous_5)
FNDA:0,(anonymous_6)
FNDA:0,(anonymous_7)
FNDA:0,(anonymous_8)
FNDA:0,(anonymous_9)
DA:9,0
DA:11,0
DA:12,0
DA:16,0
DA:17,0
DA:21,0
DA:22,0
DA:23,0
DA:24,0
DA:26,0
DA:27,0
DA:29,0
DA:30,0
DA:34,0
DA:35,0
DA:39,0
DA:40,0
DA:46,0
DA:47,0
DA:49,0
DA:52,0
DA:53,0
DA:54,0
DA:59,0
DA:60,0
DA:61,0
DA:62,0
DA:67,0
DA:68,0
DA:69,0
DA:74,0
DA:76,0
DA:77,0
DA:81,0
DA:82,0
DA:88,0
DA:90,0
DA:92,0
DA:93,0
DA:94,0
DA:95,0
DA:96,0
DA:97,0
DA:98,0
DA:100,0
LF:45
LH:0
BRDA:9,0,0,0
BRDA:11,1,0,0
BRDA:16,2,0,0
BRDA:16,3,0,0
BRDA:16,3,1,0
BRDA:21,4,0,0
BRDA:46,5,0,0
BRDA:46,5,1,0
BRDA:52,6,0,0
BRDA:59,7,0,0
BRDA:67,8,0,0
BRDA:74,9,0,0
BRDA:76,10,0,0
BRDA:81,11,0,0
BRF:14
BRH:0
end_of_record
TN:
SF:jest.config.ts
FNF:0
FNH:0
DA:3,0
DA:106,0
LF:2
LH:0
BRF:0
BRH:0
end_of_record
TN:
SF:jest.unit.config.ts
FNF:0
FNH:0
DA:3,0
DA:28,0
LF:2
LH:0
BRF:0
BRH:0
end_of_record
TN:
SF:polyfills.ts
FNF:0
FNH:0
DA:7,0
DA:10,0
DA:11,0
DA:12,0
DA:13,0
DA:17,0
DA:19,0
DA:20,0
DA:22,0
DA:25,0
DA:27,0
DA:28,0
DA:30,0
DA:34,0
DA:35,0
DA:36,0
DA:38,0
DA:42,0
DA:43,0
DA:44,0
DA:46,0
DA:50,0
DA:53,0
DA:54,0
DA:55,0
DA:57,0
DA:58,0
DA:60,0
LF:28
LH:0
BRDA:10,0,0,0
BRDA:10,0,1,0
BRDA:12,1,0,0
BRDA:20,2,0,0
BRDA:22,3,0,0
BRDA:28,4,0,0
BRDA:30,5,0,0
BRDA:36,6,0,0
BRDA:38,7,0,0
BRDA:44,8,0,0
BRDA:46,9,0,0
BRDA:50,10,0,0
BRDA:53,11,0,0
BRDA:57,12,0,0
BRDA:57,12,1,0
BRDA:57,13,0,0
BRDA:57,13,1,0
BRDA:58,14,0,0
BRDA:60,15,0,0
BRF:19
BRH:0
end_of_record
TN:
SF:components\ErrorBoundary.tsx
FN:15,(anonymous_9)
FN:16,ErrorBoundary
FN:41,(anonymous_11)
FN:33,componentDidCatch
FN:49,render
FN:25,getDerivedStateFromError
FNF:6
FNH:0
FNDA:0,(anonymous_9)
FNDA:0,ErrorBoundary
FNDA:0,(anonymous_11)
FNDA:0,componentDidCatch
FNDA:0,render
FNDA:0,getDerivedStateFromError
DA:1,0
DA:2,0
DA:15,0
DA:16,0
DA:17,0
DA:18,0
DA:22,0
DA:23,0
DA:26,0
DA:34,0
DA:35,0
DA:42,0
DA:50,0
DA:51,0
DA:52,0
DA:55,0
DA:83,0
DA:87,0
DA:144,0
LF:19
LH:0
BRDA:34,0,0,0
BRDA:50,1,0,0
BRDA:51,2,0,0
BRDA:63,3,0,0
BRDA:63,3,1,0
BRDA:63,3,2,0
BRDA:67,4,0,0
BRDA:67,4,1,0
BRF:8
BRH:0
end_of_record
TN:
SF:components\MapView.native.tsx
FN:31,(anonymous_1)
FN:76,Marker
FN:112,Callout
FN:131,(anonymous_4)
FN:132,AnimatedRegion
FN:136,timing
FN:138,start
FNF:7
FNH:0
FNDA:0,(anonymous_1)
FNDA:0,Marker
FNDA:0,Callout
FNDA:0,(anonymous_4)
FNDA:0,AnimatedRegion
FNDA:0,timing
FNDA:0,start
DA:2,0
DA:3,0
DA:13,0
DA:15,0
DA:17,0
DA:18,0
DA:19,0
DA:20,0
DA:21,0
DA:22,0
DA:23,0
DA:24,0
DA:25,0
DA:28,0
DA:31,0
DA:33,0
DA:34,0
DA:35,0
DA:52,0
DA:74,0
DA:76,0
DA:84,0
DA:85,0
DA:98,0
DA:112,0
DA:114,0
DA:115,0
DA:123,0
DA:128,0
DA:131,0
DA:132,0
DA:133,0
DA:134,0
DA:137,0
DA:139,0
DA:155,0
DA:158,0
DA:160,0
DA:228,0
DA:230,0
DA:231,0
DA:232,0
DA:233,0
DA:234,0
DA:239,0
DA:240,0
LF:46
LH:0
BRDA:17,0,0,0
BRDA:17,1,0,0
BRDA:17,1,1,0
BRDA:19,2,0,0
BRDA:19,2,1,0
BRDA:24,3,0,0
BRDA:24,3,1,0
BRDA:24,4,0,0
BRDA:24,4,1,0
BRDA:33,5,0,0
BRDA:33,6,0,0
BRDA:33,6,1,0
BRDA:57,7,0,0
BRDA:57,7,1,0
BRDA:59,8,0,0
BRDA:59,8,1,0
BRDA:59,9,0,0
BRDA:59,9,1,0
BRDA:84,10,0,0
BRDA:100,11,0,0
BRDA:100,11,1,0
BRDA:101,12,0,0
BRDA:101,12,1,0
BRDA:102,13,0,0
BRDA:102,13,1,0
BRDA:103,14,0,0
BRDA:103,14,1,0
BRDA:104,15,0,0
BRDA:104,15,1,0
BRDA:114,16,0,0
BRDA:128,17,0,0
BRDA:128,17,1,0
BRDA:139,18,0,0
BRDA:155,19,0,0
BRDA:155,19,1,0
BRDA:158,20,0,0
BRDA:158,20,1,0
BRDA:239,21,0,0
BRDA:239,22,0,0
BRDA:239,22,1,0
BRF:40
BRH:0
end_of_record
TN:
SF:components\MapView.ts
FNF:0
FNH:0
DA:2,0
DA:10,0
DA:12,0
DA:13,0
DA:15,0
DA:16,0
DA:17,0
DA:18,0
DA:21,0
DA:22,0
DA:24,0
DA:25,0
DA:26,0
DA:27,0
DA:30,0
LF:15
LH:0
BRDA:10,0,0,0
BRDA:10,0,1,0
BRF:2
BRH:0
end_of_record
TN:
SF:components\MapView.web.tsx
FN:19,(anonymous_1)
FN:54,Marker
FN:74,Callout
FNF:3
FNH:0
FNDA:0,(anonymous_1)
FNDA:0,Marker
FNDA:0,Callout
DA:1,0
DA:2,0
DA:19,0
DA:20,0
DA:21,0
DA:22,0
DA:23,0
DA:24,0
DA:25,0
DA:27,0
DA:38,0
DA:50,0
DA:52,0
DA:54,0
DA:55,0
DA:56,0
DA:57,0
DA:58,0
DA:59,0
DA:60,0
DA:74,0
DA:75,0
DA:76,0
DA:77,0
DA:88,0
LF:25
LH:0
BRF:0
BRH:0
end_of_record
TN:
SF:components\index.ts
FNF:0
FNH:0
DA:7,0
LF:1
LH:0
BRF:0
BRH:0
end_of_record
TN:
SF:components\call\CallEventHandler.tsx
FN:14,CallEventHandler
FN:16,(anonymous_1)
FN:17,(anonymous_2)
FN:19,(anonymous_3)
FN:27,onCallRinging
FN:37,(anonymous_5)
FN:54,onCallRejected
FN:57,onCallEnded
FN:60,onCallFailed
FN:66,(anonymous_9)
FNF:10
FNH:0
FNDA:0,CallEventHandler
FNDA:0,(anonymous_1)
FNDA:0,(anonymous_2)
FNDA:0,(anonymous_3)
FNDA:0,onCallRinging
FNDA:0,(anonymous_5)
FNDA:0,onCallRejected
FNDA:0,onCallEnded
FNDA:0,onCallFailed
FNDA:0,(anonymous_9)
DA:8,0
DA:9,0
DA:10,0
DA:11,0
DA:14,0
DA:15,0
DA:16,0
DA:17,0
DA:19,0
DA:21,0
DA:22,0
DA:26,0
DA:28,0
DA:34,0
DA:37,0
DA:38,0
DA:39,0
DA:40,0
DA:43,0
DA:66,0
DA:68,0
DA:73,0
LF:22
LH:0
BRDA:16,0,0,0
BRDA:16,0,1,0
BRDA:21,1,0,0
BRDA:21,2,0,0
BRDA:21,2,1,0
BRDA:34,3,0,0
BRDA:34,3,1,0
BRDA:34,4,0,0
BRDA:34,4,1,0
BRDA:34,4,2,0
BRDA:37,5,0,0
BRDA:37,5,1,0
BRDA:37,6,0,0
BRDA:37,6,1,0
BRDA:38,7,0,0
BRDA:38,7,1,0
BRDA:38,8,0,0
BRDA:38,8,1,0
BRDA:38,9,0,0
BRDA:38,9,1,0
BRDA:39,10,0,0
BRDA:39,10,1,0
BRDA:39,11,0,0
BRDA:39,11,1,0
BRDA:40,12,0,0
BRDA:40,12,1,0
BRDA:40,12,2,0
BRDA:40,12,3,0
BRDA:40,12,4,0
BRDA:44,13,0,0
BRDA:44,13,1,0
BRDA:44,14,0,0
BRDA:44,14,1,0
BRDA:45,15,0,0
BRDA:45,15,1,0
BRDA:45,16,0,0
BRDA:45,16,1,0
BRDA:48,17,0,0
BRDA:48,17,1,0
BRF:39
BRH:0
end_of_record
TN:
SF:components\chat\ChatButton.tsx
FN:57,ChatButton
FN:89,getDefaultLabel
FN:104,canStartChat
FN:115,(anonymous_12)
FN:236,getButtonStyles
FN:284,getTextStyles
FNF:6
FNH:0
FNDA:0,ChatButton
FNDA:0,getDefaultLabel
FNDA:0,canStartChat
FNDA:0,(anonymous_12)
FNDA:0,getButtonStyles
FNDA:0,getTextStyles
DA:8,1
DA:9,1
DA:17,1
DA:18,1
DA:20,1
DA:57,1
DA:58,0
DA:59,0
DA:60,0
DA:61,0
DA:62,0
DA:63,0
DA:64,0
DA:65,0
DA:66,0
DA:67,0
DA:68,0
DA:69,0
DA:70,0
DA:72,0
DA:74,0
DA:75,0
DA:76,0
DA:77,0
DA:78,0
DA:79,0
DA:80,0
DA:81,0
DA:82,0
DA:84,0
DA:89,0
DA:90,0
DA:92,0
DA:93,0
DA:94,0
DA:95,0
DA:96,0
DA:97,0
DA:104,0
DA:105,0
DA:106,0
DA:107,0
DA:108,0
DA:109,0
DA:115,0
DA:116,0
DA:117,0
DA:118,0
DA:122,0
DA:124,0
DA:125,0
DA:129,0
DA:131,0
DA:134,0
DA:136,0
DA:137,0
DA:139,0
DA:141,0
DA:147,0
DA:150,0
DA:156,0
DA:159,0
DA:165,0
DA:168,0
DA:172,0
DA:175,0
DA:176,0
DA:179,0
DA:182,0
DA:189,0
DA:190,0
DA:193,0
DA:197,0
DA:199,0
DA:207,0
DA:208,0
DA:211,0
DA:236,0
DA:237,0
DA:240,0
DA:242,0
DA:243,0
DA:245,0
DA:246,0
DA:248,0
DA:249,0
DA:253,0
DA:255,0
DA:256,0
DA:258,0
DA:259,0
DA:261,0
DA:262,0
DA:264,0
DA:265,0
DA:269,0
DA:270,0
DA:274,0
DA:275,0
DA:278,0
DA:284,0
DA:285,0
DA:288,0
DA:290,0
DA:291,0
DA:293,0
DA:294,0
DA:296,0
DA:297,0
DA:301,0
DA:303,0
DA:304,0
DA:306,0
DA:307,0
DA:309,0
DA:310,0
DA:314,0
DA:315,0
DA:318,0
DA:321,0
DA:322,0
DA:324,0
DA:325,0
DA:341,0
DA:371,1
LF:125
LH:7
BRDA:63,0,0,0
BRDA:63,0,1,0
BRDA:64,1,0,0
BRDA:64,1,1,0
BRDA:65,2,0,0
BRDA:65,2,1,0
BRDA:66,3,0,0
BRDA:66,3,1,0
BRDA:68,4,0,0
BRDA:68,4,1,0
BRDA:90,5,0,0
BRDA:92,6,0,0
BRDA:92,6,1,0
BRDA:92,6,2,0
BRDA:92,6,3,0
BRDA:92,6,4,0
BRDA:105,7,0,0
BRDA:106,8,0,0
BRDA:107,9,0,0
BRDA:108,10,0,0
BRDA:116,11,0,0
BRDA:117,12,0,0
BRDA:124,13,0,0
BRDA:124,14,0,0
BRDA:124,14,1,0
BRDA:139,15,0,0
BRDA:139,15,1,0
BRDA:139,15,2,0
BRDA:139,15,3,0
BRDA:139,15,4,0
BRDA:143,16,0,0
BRDA:143,16,1,0
BRDA:144,17,0,0
BRDA:144,17,1,0
BRDA:152,18,0,0
BRDA:152,18,1,0
BRDA:153,19,0,0
BRDA:153,19,1,0
BRDA:161,20,0,0
BRDA:161,20,1,0
BRDA:162,21,0,0
BRDA:162,21,1,0
BRDA:169,22,0,0
BRDA:169,22,1,0
BRDA:175,23,0,0
BRDA:175,23,1,0
BRDA:179,24,0,0
BRDA:179,24,1,0
BRDA:185,25,0,0
BRDA:185,25,1,0
BRDA:185,26,0,0
BRDA:185,26,1,0
BRDA:189,27,0,0
BRDA:197,28,0,0
BRDA:197,28,1,0
BRDA:207,29,0,0
BRDA:240,30,0,0
BRDA:240,30,1,0
BRDA:240,30,2,0
BRDA:253,31,0,0
BRDA:253,31,1,0
BRDA:253,31,2,0
BRDA:253,31,3,0
BRDA:269,32,0,0
BRDA:274,33,0,0
BRDA:288,34,0,0
BRDA:288,34,1,0
BRDA:288,34,2,0
BRDA:301,35,0,0
BRDA:301,35,1,0
BRDA:301,35,2,0
BRDA:314,36,0,0
BRDA:321,37,0,0
BRDA:321,37,1,0
BRDA:322,38,0,0
BRDA:322,38,1,0
BRDA:324,39,0,0
BRDA:329,40,0,0
BRDA:329,40,1,0
BRDA:332,41,0,0
BRDA:332,41,1,0
BRDA:335,42,0,0
BRDA:335,42,1,0
BRDA:335,43,0,0
BRDA:335,43,1,0
BRDA:345,44,0,0
BRDA:345,44,1,0
BRDA:349,45,0,0
BRDA:349,45,1,0
BRDA:352,46,0,0
BRDA:352,46,1,0
BRDA:358,47,0,0
BRDA:358,47,1,0
BRDA:358,48,0,0
BRDA:358,48,1,0
BRDA:359,49,0,0
BRDA:359,49,1,0
BRF:97
BRH:0
end_of_record
TN:
SF:components\chat\ChatChannel.tsx
FN:41,ChatChannel
FN:56,(anonymous_10)
FN:59,updateChannelInfo
FN:66,(anonymous_12)
FN:70,(anonymous_13)
FN:83,(anonymous_14)
FN:96,(anonymous_15)
FN:107,getChannelTypeIcon
FN:124,getChannelSubtitle
FN:156,(anonymous_18)
FN:166,(anonymous_19)
FN:174,ChatHeader
FN:223,getChannelTheme
FN:284,onThreadSelect
FNF:14
FNH:0
FNDA:0,ChatChannel
FNDA:0,(anonymous_10)
FNDA:0,updateChannelInfo
FNDA:0,(anonymous_12)
FNDA:0,(anonymous_13)
FNDA:0,(anonymous_14)
FNDA:0,(anonymous_15)
FNDA:0,getChannelTypeIcon
FNDA:0,getChannelSubtitle
FNDA:0,(anonymous_18)
FNDA:0,(anonymous_19)
FNDA:0,ChatHeader
FNDA:0,getChannelTheme
FNDA:0,onThreadSelect
DA:9,1
DA:10,1
DA:19,1
DA:20,1
DA:22,1
DA:32,1
DA:41,1
DA:42,0
DA:43,0
DA:44,0
DA:45,0
DA:47,0
DA:48,0
DA:49,0
DA:50,0
DA:51,0
DA:56,0
DA:57,0
DA:59,0
DA:61,0
DA:62,0
DA:64,0
DA:65,0
DA:66,0
DA:69,0
DA:70,0
DA:71,0
DA:73,0
DA:78,0
DA:81,0
DA:82,0
DA:83,0
DA:85,0
DA:88,0
DA:91,0
DA:92,0
DA:93,0
DA:94,0
DA:96,0
DA:97,0
DA:98,0
DA:99,0
DA:100,0
DA:107,0
DA:108,0
DA:110,0
DA:111,0
DA:112,0
DA:113,0
DA:114,0
DA:115,0
DA:116,0
DA:117,0
DA:124,0
DA:125,0
DA:128,0
DA:129,0
DA:133,0
DA:134,0
DA:138,0
DA:139,0
DA:143,0
DA:144,0
DA:145,0
DA:147,0
DA:150,0
DA:156,0
DA:157,0
DA:158,0
DA:159,0
DA:166,0
DA:167,0
DA:168,0
DA:174,0
DA:223,0
DA:224,0
DA:225,0
DA:228,0
DA:229,0
DA:230,0
DA:245,0
DA:248,0
DA:249,0
DA:270,0
DA:285,0
DA:286,0
DA:297,1
LF:87
LH:8
BRDA:45,0,0,0
BRDA:45,0,1,0
BRDA:57,1,0,0
BRDA:61,2,0,0
BRDA:61,2,1,0
BRDA:61,3,0,0
BRDA:61,3,1,0
BRDA:69,4,0,0
BRDA:69,4,1,0
BRDA:70,5,0,0
BRDA:70,5,1,0
BRDA:70,6,0,0
BRDA:70,6,1,0
BRDA:83,7,0,0
BRDA:83,7,1,0
BRDA:83,8,0,0
BRDA:83,8,1,0
BRDA:108,9,0,0
BRDA:108,10,0,0
BRDA:108,10,1,0
BRDA:110,11,0,0
BRDA:110,11,1,0
BRDA:110,11,2,0
BRDA:110,11,3,0
BRDA:110,11,4,0
BRDA:110,11,5,0
BRDA:110,11,6,0
BRDA:125,12,0,0
BRDA:125,13,0,0
BRDA:125,13,1,0
BRDA:128,14,0,0
BRDA:129,15,0,0
BRDA:129,15,1,0
BRDA:133,16,0,0
BRDA:134,17,0,0
BRDA:134,17,1,0
BRDA:138,18,0,0
BRDA:139,19,0,0
BRDA:139,19,1,0
BRDA:143,20,0,0
BRDA:143,21,0,0
BRDA:143,21,1,0
BRDA:144,22,0,0
BRDA:145,23,0,0
BRDA:145,23,1,0
BRDA:150,24,0,0
BRDA:150,24,1,0
BRDA:157,25,0,0
BRDA:207,26,0,0
BRDA:207,26,1,0
BRDA:224,27,0,0
BRDA:224,27,1,0
BRDA:228,28,0,0
BRDA:228,29,0,0
BRDA:228,29,1,0
BRDA:234,30,0,0
BRDA:234,30,1,0
BRDA:236,31,0,0
BRDA:236,31,1,0
BRDA:236,32,0,0
BRDA:236,32,1,0
BRDA:248,33,0,0
BRDA:248,34,0,0
BRDA:248,34,1,0
BRDA:276,35,0,0
BRDA:276,35,1,0
BRDA:277,36,0,0
BRDA:277,36,1,0
BRDA:285,37,0,0
BRDA:285,38,0,0
BRDA:285,38,1,0
BRF:71
BRH:0
end_of_record
TN:
SF:components\chat\ChatChannelList.tsx
FN:38,ChannelItem
FN:43,(anonymous_10)
FN:54,handleNewMessage
FN:66,(anonymous_12)
FN:72,formatTime
FN:102,getChannelName
FN:107,(anonymous_15)
FN:110,(anonymous_16)
FN:116,getChannelIcon
FN:129,getChannelDescription
FN:140,onPress
FN:186,ChatChannelList
FN:209,(anonymous_21)
FN:215,(anonymous_22)
FN:229,(anonymous_23)
FN:238,(anonymous_24)
FN:238,(anonymous_25)
FN:250,(anonymous_26)
FN:255,(anonymous_27)
FN:263,(anonymous_28)
FN:265,getChannelDescription
FN:274,(anonymous_30)
FN:281,(anonymous_31)
FN:282,(anonymous_32)
FN:286,(anonymous_33)
FN:327,onPress
FN:371,(anonymous_35)
FNF:27
FNH:2
FNDA:0,ChannelItem
FNDA:0,(anonymous_10)
FNDA:0,handleNewMessage
FNDA:0,(anonymous_12)
FNDA:0,formatTime
FNDA:0,getChannelName
FNDA:0,(anonymous_15)
FNDA:0,(anonymous_16)
FNDA:0,getChannelIcon
FNDA:0,getChannelDescription
FNDA:0,onPress
FNDA:13,ChatChannelList
FNDA:0,(anonymous_21)
FNDA:0,(anonymous_22)
FNDA:0,(anonymous_23)
FNDA:12,(anonymous_24)
FNDA:0,(anonymous_25)
FNDA:0,(anonymous_26)
FNDA:0,(anonymous_27)
FNDA:0,(anonymous_28)
FNDA:0,getChannelDescription
FNDA:0,(anonymous_30)
FNDA:0,(anonymous_31)
FNDA:0,(anonymous_32)
FNDA:0,(anonymous_33)
FNDA:0,onPress
FNDA:0,(anonymous_35)
DA:9,1
DA:10,1
DA:21,1
DA:23,1
DA:24,1
DA:38,1
DA:39,0
DA:40,0
DA:41,0
DA:43,0
DA:45,0
DA:47,0
DA:48,0
DA:49,0
DA:50,0
DA:54,0
DA:55,0
DA:56,0
DA:57,0
DA:58,0
DA:59,0
DA:63,0
DA:64,0
DA:66,0
DA:67,0
DA:68,0
DA:72,0
DA:73,0
DA:75,0
DA:76,0
DA:77,0
DA:80,0
DA:83,0
DA:84,0
DA:85,0
DA:89,0
DA:90,0
DA:91,0
DA:95,0
DA:96,0
DA:99,0
DA:102,0
DA:103,0
DA:105,0
DA:106,0
DA:107,0
DA:109,0
DA:110,0
DA:113,0
DA:116,0
DA:117,0
DA:118,0
DA:119,0
DA:120,0
DA:121,0
DA:122,0
DA:123,0
DA:124,0
DA:125,0
DA:129,0
DA:130,0
DA:131,0
DA:132,0
DA:133,0
DA:134,0
DA:137,0
DA:140,0
DA:186,1
DA:187,13
DA:188,12
DA:189,12
DA:190,12
DA:193,12
DA:194,12
DA:195,12
DA:196,12
DA:197,12
DA:198,12
DA:200,12
DA:201,12
DA:202,12
DA:203,12
DA:204,12
DA:209,12
DA:210,0
DA:212,0
DA:213,0
DA:214,0
DA:215,0
DA:216,0
DA:217,0
DA:220,0
DA:222,0
DA:229,12
DA:230,0
DA:231,0
DA:232,0
DA:238,12
DA:239,0
DA:241,0
DA:242,0
DA:243,0
DA:246,0
DA:248,0
DA:249,0
DA:250,0
DA:251,0
DA:255,0
DA:256,0
DA:257,0
DA:258,0
DA:261,0
DA:263,12
DA:265,12
DA:266,0
DA:267,0
DA:268,0
DA:269,0
DA:270,0
DA:274,12
DA:275,0
DA:276,0
DA:281,12
DA:282,0
DA:283,0
DA:286,0
DA:289,12
DA:290,2
DA:303,10
DA:327,0
DA:371,0
DA:385,1
LF:132
LH:33
BRDA:48,0,0,0
BRDA:49,1,0,0
BRDA:49,1,1,0
BRDA:57,2,0,0
BRDA:58,3,0,0
BRDA:58,3,1,0
BRDA:73,4,0,0
BRDA:80,5,0,0
BRDA:83,6,0,0
BRDA:89,7,0,0
BRDA:96,8,0,0
BRDA:103,9,0,0
BRDA:103,10,0,0
BRDA:103,10,1,0
BRDA:106,11,0,0
BRDA:106,11,1,0
BRDA:106,12,0,0
BRDA:106,12,1,0
BRDA:109,13,0,0
BRDA:110,14,0,0
BRDA:110,14,1,0
BRDA:110,15,0,0
BRDA:110,15,1,0
BRDA:118,16,0,0
BRDA:118,16,1,0
BRDA:118,16,2,0
BRDA:118,16,3,0
BRDA:118,16,4,0
BRDA:118,16,5,0
BRDA:118,16,6,0
BRDA:131,17,0,0
BRDA:131,18,0,0
BRDA:131,18,1,0
BRDA:132,19,0,0
BRDA:132,20,0,0
BRDA:132,20,1,0
BRDA:133,21,0,0
BRDA:133,22,0,0
BRDA:133,22,1,0
BRDA:134,23,0,0
BRDA:134,23,1,0
BRDA:147,24,0,0
BRDA:147,24,1,0
BRDA:156,25,0,0
BRDA:156,25,1,0
BRDA:169,26,0,0
BRDA:169,26,1,0
BRDA:175,27,0,0
BRDA:175,27,1,0
BRDA:177,28,0,0
BRDA:177,28,1,0
BRDA:189,29,0,12
BRDA:189,29,1,0
BRDA:190,30,0,10
BRDA:190,30,1,2
BRDA:210,31,0,0
BRDA:241,32,0,0
BRDA:246,33,0,0
BRDA:256,34,0,0
BRDA:256,34,1,0
BRDA:256,35,0,0
BRDA:256,35,1,0
BRDA:258,36,0,0
BRDA:258,36,1,0
BRDA:267,37,0,0
BRDA:267,38,0,0
BRDA:267,38,1,0
BRDA:268,39,0,0
BRDA:268,40,0,0
BRDA:268,40,1,0
BRDA:269,41,0,0
BRDA:269,42,0,0
BRDA:269,42,1,0
BRDA:275,43,0,0
BRDA:289,44,0,2
BRDA:289,45,0,12
BRDA:289,45,1,2
BRDA:296,46,0,2
BRDA:296,46,1,0
BRDA:307,47,0,10
BRDA:307,47,1,10
BRDA:314,48,0,10
BRDA:314,48,1,10
BRDA:325,49,0,10
BRDA:325,49,1,0
BRDA:337,50,0,0
BRDA:337,50,1,10
BRDA:337,51,0,10
BRDA:337,51,1,10
BRDA:341,52,0,0
BRDA:341,52,1,0
BRDA:357,53,0,10
BRDA:357,53,1,0
BRDA:361,54,0,0
BRDA:361,54,1,10
BRDA:364,55,0,0
BRDA:364,55,1,10
BRF:97
BRH:18
end_of_record
TN:
SF:components\chat\EnhancedChatChannel.tsx
FN:62,(anonymous_9)
FN:68,(anonymous_10)
FN:85,(anonymous_11)
FN:94,(anonymous_12)
FN:94,(anonymous_13)
FN:94,onPress
FN:108,(anonymous_15)
FN:115,onPress
FN:133,onPress
FN:152,(anonymous_18)
FN:163,(anonymous_19)
FN:171,(anonymous_20)
FN:207,EnhancedChatChannel
FN:239,(anonymous_22)
FN:242,updateChannelInfo
FN:250,(anonymous_24)
FN:253,(anonymous_25)
FN:261,(anonymous_26)
FN:272,handleConnectionChange
FN:276,handleTypingStart
FN:278,(anonymous_29)
FN:278,(anonymous_30)
FN:282,handleTypingStop
FN:284,(anonymous_32)
FN:284,(anonymous_33)
FN:299,(anonymous_34)
FN:313,(anonymous_35)
FN:323,(anonymous_36)
FN:331,(anonymous_37)
FN:338,(anonymous_38)
FN:349,(anonymous_39)
FN:358,(anonymous_40)
FN:375,(anonymous_41)
FN:412,(anonymous_42)
FN:465,(anonymous_43)
FN:581,keyExtractor
FNF:36
FNH:5
FNDA:0,(anonymous_9)
FNDA:0,(anonymous_10)
FNDA:0,(anonymous_11)
FNDA:0,(anonymous_12)
FNDA:0,(anonymous_13)
FNDA:0,onPress
FNDA:0,(anonymous_15)
FNDA:0,onPress
FNDA:0,onPress
FNDA:0,(anonymous_18)
FNDA:0,(anonymous_19)
FNDA:0,(anonymous_20)
FNDA:31,EnhancedChatChannel
FNDA:0,(anonymous_22)
FNDA:0,updateChannelInfo
FNDA:0,(anonymous_24)
FNDA:0,(anonymous_25)
FNDA:0,(anonymous_26)
FNDA:0,handleConnectionChange
FNDA:0,handleTypingStart
FNDA:0,(anonymous_29)
FNDA:0,(anonymous_30)
FNDA:0,handleTypingStop
FNDA:0,(anonymous_32)
FNDA:0,(anonymous_33)
FNDA:0,(anonymous_34)
FNDA:0,(anonymous_35)
FNDA:0,(anonymous_36)
FNDA:0,(anonymous_37)
FNDA:0,(anonymous_38)
FNDA:0,(anonymous_39)
FNDA:60,(anonymous_40)
FNDA:60,(anonymous_41)
FNDA:30,(anonymous_42)
FNDA:60,(anonymous_43)
FNDA:0,keyExtractor
DA:15,1
DA:16,1
DA:28,1
DA:29,1
DA:31,1
DA:42,1
DA:43,1
DA:44,1
DA:62,1
DA:63,0
DA:64,0
DA:65,0
DA:66,0
DA:68,0
DA:69,0
DA:71,0
DA:74,0
DA:75,0
DA:78,0
DA:81,0
DA:85,0
DA:86,0
DA:94,0
DA:95,0
DA:96,0
DA:97,0
DA:100,0
DA:108,0
DA:109,0
DA:110,0
DA:115,0
DA:122,0
DA:123,0
DA:133,0
DA:144,0
DA:152,1
DA:153,0
DA:154,0
DA:155,0
DA:160,0
DA:161,0
DA:163,0
DA:166,0
DA:168,0
DA:171,0
DA:174,0
DA:176,0
DA:179,0
DA:207,1
DA:208,31
DA:209,30
DA:210,30
DA:211,30
DA:212,30
DA:213,30
DA:214,30
DA:215,30
DA:216,30
DA:217,30
DA:218,30
DA:220,30
DA:221,30
DA:223,30
DA:224,30
DA:225,30
DA:226,30
DA:227,30
DA:228,30
DA:229,30
DA:230,30
DA:231,30
DA:233,30
DA:234,30
DA:239,30
DA:240,0
DA:242,0
DA:243,0
DA:244,0
DA:245,0
DA:246,0
DA:248,0
DA:249,0
DA:250,0
DA:252,0
DA:253,0
DA:254,0
DA:258,0
DA:259,0
DA:260,0
DA:261,0
DA:263,0
DA:265,0
DA:266,0
DA:267,0
DA:268,0
DA:269,0
DA:272,0
DA:273,0
DA:276,0
DA:277,0
DA:278,0
DA:282,0
DA:283,0
DA:284,0
DA:288,0
DA:291,0
DA:292,0
DA:293,0
DA:294,0
DA:295,0
DA:296,0
DA:297,0
DA:299,0
DA:300,0
DA:301,0
DA:302,0
DA:303,0
DA:304,0
DA:305,0
DA:306,0
DA:313,30
DA:314,0
DA:315,0
DA:316,0
DA:323,30
DA:324,0
DA:325,0
DA:331,30
DA:332,0
DA:334,0
DA:335,0
DA:338,0
DA:340,0
DA:342,0
DA:349,30
DA:350,0
DA:351,0
DA:358,30
DA:359,60
DA:361,60
DA:362,0
DA:363,0
DA:364,0
DA:365,0
DA:366,0
DA:367,0
DA:368,60
DA:375,30
DA:376,60
DA:378,60
DA:381,60
DA:382,0
DA:386,60
DA:387,0
DA:391,60
DA:392,0
DA:396,60
DA:397,60
DA:398,0
DA:400,60
DA:403,0
DA:412,30
DA:413,30
DA:414,30
DA:417,30
DA:418,0
DA:440,30
DA:441,0
DA:442,0
DA:457,30
DA:465,60
DA:535,30
DA:536,0
DA:559,30
DA:581,0
DA:613,1
LF:176
LH:63
BRDA:66,0,0,0
BRDA:66,0,1,0
BRDA:69,1,0,0
BRDA:74,2,0,0
BRDA:74,3,0,0
BRDA:74,3,1,0
BRDA:96,4,0,0
BRDA:96,5,0,0
BRDA:96,5,1,0
BRDA:109,6,0,0
BRDA:122,7,0,0
BRDA:153,8,0,0
BRDA:153,8,1,0
BRDA:154,9,0,0
BRDA:154,9,1,0
BRDA:155,10,0,0
BRDA:155,10,1,0
BRDA:182,11,0,0
BRDA:182,11,1,0
BRDA:182,12,0,0
BRDA:182,12,1,0
BRDA:184,13,0,0
BRDA:184,13,1,0
BRDA:189,14,0,0
BRDA:189,14,1,0
BRDA:196,15,0,0
BRDA:196,15,1,0
BRDA:211,16,0,28
BRDA:211,16,1,2
BRDA:212,17,0,30
BRDA:212,17,1,0
BRDA:213,18,0,30
BRDA:213,18,1,0
BRDA:214,19,0,30
BRDA:214,19,1,0
BRDA:215,20,0,26
BRDA:215,20,1,4
BRDA:216,21,0,28
BRDA:216,21,1,2
BRDA:217,22,0,28
BRDA:217,22,1,2
BRDA:218,23,0,30
BRDA:218,23,1,0
BRDA:240,24,0,0
BRDA:245,25,0,0
BRDA:245,25,1,0
BRDA:245,26,0,0
BRDA:245,26,1,0
BRDA:252,27,0,0
BRDA:253,28,0,0
BRDA:253,28,1,0
BRDA:253,29,0,0
BRDA:253,29,1,0
BRDA:261,30,0,0
BRDA:261,30,1,0
BRDA:261,31,0,0
BRDA:261,31,1,0
BRDA:266,32,0,0
BRDA:267,33,0,0
BRDA:268,34,0,0
BRDA:273,35,0,0
BRDA:273,35,1,0
BRDA:277,36,0,0
BRDA:277,37,0,0
BRDA:277,37,1,0
BRDA:277,37,2,0
BRDA:277,38,0,0
BRDA:277,38,1,0
BRDA:278,39,0,0
BRDA:278,39,1,0
BRDA:283,40,0,0
BRDA:283,41,0,0
BRDA:283,41,1,0
BRDA:284,42,0,0
BRDA:284,42,1,0
BRDA:314,43,0,0
BRDA:314,44,0,0
BRDA:314,44,1,0
BRDA:332,45,0,0
BRDA:350,46,0,0
BRDA:350,47,0,0
BRDA:350,47,1,0
BRDA:350,47,2,0
BRDA:359,48,0,0
BRDA:359,49,0,60
BRDA:359,49,1,60
BRDA:361,50,0,0
BRDA:361,50,1,0
BRDA:361,50,2,0
BRDA:361,50,3,0
BRDA:361,50,4,0
BRDA:361,50,5,0
BRDA:361,50,6,60
BRDA:370,51,0,0
BRDA:370,51,1,30
BRDA:376,52,0,0
BRDA:376,53,0,60
BRDA:376,53,1,60
BRDA:381,54,0,0
BRDA:382,55,0,0
BRDA:382,55,1,0
BRDA:386,56,0,0
BRDA:387,57,0,0
BRDA:387,57,1,0
BRDA:391,58,0,0
BRDA:392,59,0,0
BRDA:392,59,1,0
BRDA:396,60,0,60
BRDA:396,61,0,60
BRDA:396,61,1,0
BRDA:397,62,0,0
BRDA:398,63,0,0
BRDA:398,63,1,0
BRDA:403,64,0,0
BRDA:403,64,1,0
BRDA:413,65,0,0
BRDA:413,65,1,30
BRDA:417,66,0,0
BRDA:431,67,0,0
BRDA:431,67,1,0
BRDA:440,68,0,0
BRDA:440,69,0,30
BRDA:440,69,1,30
BRDA:446,70,0,0
BRDA:446,70,1,0
BRDA:448,71,0,0
BRDA:448,71,1,0
BRDA:448,72,0,0
BRDA:448,72,1,0
BRDA:458,73,0,0
BRDA:458,73,1,30
BRDA:474,74,0,0
BRDA:474,74,1,60
BRDA:491,75,0,60
BRDA:491,75,1,0
BRDA:497,76,0,60
BRDA:497,76,1,0
BRDA:501,77,0,60
BRDA:501,77,1,0
BRDA:507,78,0,0
BRDA:507,78,1,60
BRDA:508,79,0,60
BRDA:508,79,1,0
BRDA:517,80,0,0
BRDA:517,80,1,60
BRDA:520,81,0,60
BRDA:520,81,1,32
BRDA:527,82,0,0
BRDA:527,82,1,32
BRDA:535,83,0,0
BRDA:535,84,0,30
BRDA:535,84,1,0
BRDA:537,85,0,0
BRDA:537,85,1,0
BRDA:538,86,0,0
BRDA:538,86,1,0
BRDA:546,87,0,0
BRDA:546,87,1,0
BRDA:548,88,0,0
BRDA:548,88,1,0
BRDA:560,89,0,30
BRDA:560,89,1,0
BRDA:565,90,0,30
BRDA:565,90,1,0
BRDA:566,91,0,30
BRDA:566,91,1,0
BRDA:571,92,0,30
BRDA:571,92,1,0
BRDA:571,93,0,30
BRDA:571,93,1,0
BRDA:582,94,0,0
BRDA:582,94,1,0
BRDA:582,95,0,0
BRDA:582,95,1,0
BRDA:583,96,0,0
BRDA:583,96,1,0
BRDA:583,97,0,0
BRDA:583,97,1,0
BRDA:583,98,0,0
BRDA:583,98,1,0
BRDA:583,99,0,0
BRDA:583,99,1,0
BRDA:583,100,0,0
BRDA:583,100,1,0
BRDA:588,101,0,30
BRDA:588,101,1,0
BRDA:595,102,0,30
BRDA:595,102,1,30
BRDA:595,102,2,0
BRF:189
BRH:43
end_of_record
TN:
SF:components\chat\MessageThreadModal.tsx
FN:58,(anonymous_9)
FN:61,(anonymous_10)
FN:125,(anonymous_11)
FN:126,formatTime
FN:167,(anonymous_13)
FN:197,(anonymous_14)
FN:198,formatLastReply
FN:258,MessageThreadModal
FN:281,(anonymous_17)
FN:314,(anonymous_18)
FN:317,updateStats
FN:323,(anonymous_20)
FN:335,(anonymous_21)
FN:347,(anonymous_22)
FN:352,(anonymous_23)
FN:409,onPress
FNF:16
FNH:4
FNDA:0,(anonymous_9)
FNDA:0,(anonymous_10)
FNDA:0,(anonymous_11)
FNDA:0,formatTime
FNDA:0,(anonymous_13)
FNDA:0,(anonymous_14)
FNDA:0,formatLastReply
FNDA:15,MessageThreadModal
FNDA:2,(anonymous_17)
FNDA:2,(anonymous_18)
FNDA:0,updateStats
FNDA:0,(anonymous_20)
FNDA:0,(anonymous_21)
FNDA:0,(anonymous_22)
FNDA:12,(anonymous_23)
FNDA:0,onPress
DA:15,1
DA:16,1
DA:31,1
DA:32,1
DA:34,1
DA:38,1
DA:40,1
DA:58,1
DA:59,0
DA:61,0
DA:62,0
DA:70,0
DA:125,1
DA:126,0
DA:127,0
DA:128,0
DA:134,0
DA:167,0
DA:197,1
DA:198,0
DA:199,0
DA:201,0
DA:202,0
DA:203,0
DA:205,0
DA:206,0
DA:207,0
DA:209,0
DA:210,0
DA:211,0
DA:212,0
DA:215,0
DA:217,0
DA:258,1
DA:259,15
DA:260,14
DA:261,14
DA:262,14
DA:263,14
DA:264,14
DA:265,14
DA:266,14
DA:268,14
DA:269,14
DA:271,14
DA:272,14
DA:273,14
DA:274,14
DA:275,14
DA:277,14
DA:278,14
DA:281,14
DA:282,2
DA:283,0
DA:284,0
DA:298,2
DA:314,14
DA:315,2
DA:317,0
DA:318,0
DA:321,0
DA:322,0
DA:323,0
DA:325,0
DA:327,0
DA:328,0
DA:332,0
DA:335,14
DA:336,0
DA:348,0
DA:352,14
DA:353,12
DA:356,14
DA:357,2
DA:360,12
DA:409,0
DA:469,1
LF:77
LH:40
BRDA:74,0,0,0
BRDA:74,0,1,0
BRDA:89,1,0,0
BRDA:89,1,1,0
BRDA:94,2,0,0
BRDA:94,2,1,0
BRDA:97,3,0,0
BRDA:97,3,1,0
BRDA:98,4,0,0
BRDA:98,4,1,0
BRDA:99,5,0,0
BRDA:99,5,1,0
BRDA:113,6,0,0
BRDA:113,6,1,0
BRDA:135,7,0,0
BRDA:135,7,1,0
BRDA:139,8,0,0
BRDA:139,8,1,0
BRDA:139,9,0,0
BRDA:139,9,1,0
BRDA:147,10,0,0
BRDA:147,10,1,0
BRDA:147,11,0,0
BRDA:147,11,1,0
BRDA:147,12,0,0
BRDA:147,12,1,0
BRDA:147,12,2,0
BRDA:151,13,0,0
BRDA:151,13,1,0
BRDA:152,14,0,0
BRDA:152,14,1,0
BRDA:152,15,0,0
BRDA:152,15,1,0
BRDA:155,16,0,0
BRDA:155,16,1,0
BRDA:160,17,0,0
BRDA:160,17,1,0
BRDA:161,18,0,0
BRDA:161,18,1,0
BRDA:165,19,0,0
BRDA:165,19,1,0
BRDA:165,19,2,0
BRDA:176,20,0,0
BRDA:176,20,1,0
BRDA:178,21,0,0
BRDA:178,21,1,0
BRDA:180,22,0,0
BRDA:180,22,1,0
BRDA:181,23,0,0
BRDA:181,23,1,0
BRDA:181,23,2,0
BRDA:170,24,0,0
BRDA:170,24,1,0
BRDA:171,25,0,0
BRDA:171,25,1,0
BRDA:171,26,0,0
BRDA:171,26,1,0
BRDA:171,26,2,0
BRDA:171,26,3,0
BRDA:171,26,4,0
BRDA:199,27,0,0
BRDA:209,28,0,0
BRDA:210,29,0,0
BRDA:211,30,0,0
BRDA:215,31,0,0
BRDA:218,32,0,0
BRDA:218,32,1,0
BRDA:223,33,0,0
BRDA:223,33,1,0
BRDA:225,34,0,0
BRDA:225,34,1,0
BRDA:226,35,0,0
BRDA:226,35,1,0
BRDA:234,36,0,0
BRDA:234,36,1,0
BRDA:236,37,0,0
BRDA:236,37,1,0
BRDA:237,38,0,0
BRDA:237,38,1,0
BRDA:241,39,0,0
BRDA:241,39,1,0
BRDA:246,40,0,0
BRDA:246,40,1,0
BRDA:248,41,0,0
BRDA:248,41,1,0
BRDA:263,42,0,12
BRDA:263,42,1,2
BRDA:264,43,0,14
BRDA:264,43,1,0
BRDA:266,44,0,14
BRDA:266,44,1,0
BRDA:282,45,0,0
BRDA:282,45,1,2
BRDA:315,46,0,2
BRDA:315,47,0,2
BRDA:315,47,1,2
BRDA:318,48,0,0
BRDA:318,48,1,0
BRDA:321,49,0,0
BRDA:321,49,1,0
BRDA:322,50,0,0
BRDA:323,51,0,0
BRDA:323,51,1,0
BRDA:327,52,0,0
BRDA:327,53,0,0
BRDA:327,53,1,0
BRDA:353,54,0,12
BRDA:353,54,1,12
BRDA:356,55,0,2
BRDA:356,56,0,14
BRDA:356,56,1,12
BRDA:356,56,2,12
BRDA:387,57,0,12
BRDA:387,57,1,0
BRDA:401,58,0,0
BRDA:401,58,1,12
BRDA:404,59,0,0
BRDA:404,59,1,0
BRDA:422,60,0,12
BRDA:422,60,1,12
BRDA:436,61,0,12
BRDA:436,61,1,0
BRDA:442,62,0,12
BRDA:442,62,1,0
BRDA:443,63,0,12
BRDA:443,63,1,0
BRDA:452,64,0,12
BRDA:452,64,1,0
BRDA:455,65,0,0
BRDA:455,65,1,0
BRF:130
BRH:22
end_of_record
TN:
SF:components\chat\StreamChatWrapper.tsx
FN:22,StreamChatWrapper
FN:30,(anonymous_10)
FNF:2
FNH:0
FNDA:0,StreamChatWrapper
FNDA:0,(anonymous_10)
DA:9,0
DA:10,0
DA:11,0
DA:13,0
DA:14,0
DA:15,0
DA:22,0
DA:23,0
DA:24,0
DA:26,0
DA:27,0
DA:30,0
DA:31,0
DA:32,0
DA:33,0
DA:38,0
DA:39,0
DA:48,0
DA:49,0
DA:58,0
DA:59,0
DA:64,0
DA:73,0
LF:23
LH:0
BRDA:24,0,0,0
BRDA:24,0,1,0
BRDA:32,1,0,0
BRDA:38,2,0,0
BRDA:38,3,0,0
BRDA:38,3,1,0
BRDA:48,4,0,0
BRDA:48,5,0,0
BRDA:48,5,1,0
BRDA:48,5,2,0
BRDA:58,6,0,0
BRDA:58,7,0,0
BRDA:58,7,1,0
BRF:13
BRH:0
end_of_record
TN:
SF:components\chat\index.ts
FN:7,get
FN:8,get
FN:9,get
FN:10,get
FN:11,get
FN:12,get
FNF:6
FNH:0
FNDA:0,get
FNDA:0,get
FNDA:0,get
FNDA:0,get
FNDA:0,get
FNDA:0,get
DA:7,1
DA:8,1
DA:9,1
DA:10,1
DA:11,1
DA:12,1
LF:6
LH:6
BRF:0
BRH:0
end_of_record
TN:
SF:components\common\AccessibilityComponents.tsx
FN:49,AccessibleText
FN:64,getEnhancedFontSize
FN:102,AccessibleButton
FN:164,AccessibleScreenHeader
FN:182,(anonymous_5)
FN:225,getAccessibleTextColor
FN:252,getButtonStyles
FN:387,announceScreenChange
FN:391,announceAction
FNF:9
FNH:0
FNDA:0,AccessibleText
FNDA:0,getEnhancedFontSize
FNDA:0,AccessibleButton
FNDA:0,AccessibleScreenHeader
FNDA:0,(anonymous_5)
FNDA:0,getAccessibleTextColor
FNDA:0,getButtonStyles
FNDA:0,announceScreenChange
FNDA:0,announceAction
DA:6,0
DA:7,0
DA:8,0
DA:9,0
DA:10,0
DA:49,0
DA:50,0
DA:51,0
DA:52,0
DA:53,0
DA:54,0
DA:55,0
DA:56,0
DA:57,0
DA:58,0
DA:61,0
DA:64,0
DA:66,0
DA:70,0
DA:71,0
DA:80,0
DA:88,0
DA:102,0
DA:103,0
DA:104,0
DA:105,0
DA:106,0
DA:107,0
DA:108,0
DA:109,0
DA:110,0
DA:111,0
DA:112,0
DA:113,0
DA:114,0
DA:115,0
DA:118,0
DA:120,0
DA:121,0
DA:130,0
DA:135,0
DA:147,0
DA:164,0
DA:165,0
DA:166,0
DA:167,0
DA:168,0
DA:169,0
DA:170,0
DA:171,0
DA:173,0
DA:225,0
DA:227,0
DA:229,0
DA:230,0
DA:233,0
DA:238,0
DA:241,0
DA:244,0
DA:246,0
DA:248,0
DA:252,0
DA:253,0
DA:259,0
DA:261,0
DA:339,0
DA:343,0
DA:387,0
DA:388,0
DA:391,0
DA:392,0
DA:396,0
LF:72
LH:0
BRDA:51,0,0,0
BRDA:51,0,1,0
BRDA:61,1,0,0
BRDA:61,1,1,0
BRDA:70,2,0,0
BRDA:70,2,1,0
BRDA:73,3,0,0
BRDA:73,3,1,0
BRDA:73,4,0,0
BRDA:73,4,1,0
BRDA:73,5,0,0
BRDA:73,5,1,0
BRDA:74,6,0,0
BRDA:74,6,1,0
BRDA:75,7,0,0
BRDA:75,7,1,0
BRDA:76,8,0,0
BRDA:76,8,1,0
BRDA:82,9,0,0
BRDA:82,9,1,0
BRDA:83,10,0,0
BRDA:83,10,1,0
BRDA:84,11,0,0
BRDA:84,11,1,0
BRDA:85,12,0,0
BRDA:85,12,1,0
BRDA:105,13,0,0
BRDA:105,13,1,0
BRDA:106,14,0,0
BRDA:106,14,1,0
BRDA:107,15,0,0
BRDA:107,15,1,0
BRDA:112,16,0,0
BRDA:112,16,1,0
BRDA:114,17,0,0
BRDA:114,17,1,0
BRDA:123,18,0,0
BRDA:123,18,1,0
BRDA:138,19,0,0
BRDA:138,19,1,0
BRDA:138,20,0,0
BRDA:138,20,1,0
BRDA:139,21,0,0
BRDA:139,21,1,0
BRDA:140,22,0,0
BRDA:140,22,1,0
BRDA:144,23,0,0
BRDA:144,23,1,0
BRDA:167,24,0,0
BRDA:167,24,1,0
BRDA:180,25,0,0
BRDA:180,25,1,0
BRDA:182,26,0,0
BRDA:182,26,1,0
BRDA:205,27,0,0
BRDA:205,27,1,0
BRDA:229,28,0,0
BRDA:233,29,0,0
BRDA:233,29,1,0
BRDA:233,29,2,0
BRDA:233,29,3,0
BRDA:233,29,4,0
BRDA:233,29,5,0
BRDA:233,29,6,0
BRDA:233,29,7,0
BRDA:233,29,8,0
BRDA:233,29,9,0
BRDA:259,30,0,0
BRDA:259,30,1,0
BRDA:339,31,0,0
BRDA:339,31,1,0
BRF:71
BRH:0
end_of_record
TN:
SF:components\common\ActivityIndicator.tsx
FN:19,ActivityIndicator
FN:34,(anonymous_10)
FN:63,(anonymous_11)
FN:64,pulse
FN:82,(anonymous_13)
FNF:5
FNH:0
FNDA:0,ActivityIndicator
FNDA:0,(anonymous_10)
FNDA:0,(anonymous_11)
FNDA:0,pulse
FNDA:0,(anonymous_13)
DA:1,0
DA:2,0
DA:3,0
DA:19,0
DA:20,0
DA:21,0
DA:22,0
DA:23,0
DA:24,0
DA:26,0
DA:30,0
DA:31,0
DA:34,0
DA:36,0
DA:37,0
DA:63,0
DA:64,0
DA:65,0
DA:79,0
DA:80,0
DA:82,0
DA:85,0
DA:113,0
LF:23
LH:0
BRDA:24,0,0,0
BRDA:24,0,1,0
BRDA:87,1,0,0
BRDA:87,1,1,0
BRDA:105,2,0,0
BRDA:105,2,1,0
BRDA:105,3,0,0
BRDA:105,3,1,0
BRF:8
BRH:0
end_of_record
TN:
SF:components\common\AnalyticsDashboard.tsx
FN:21,AnalyticsDashboard
FN:31,(anonymous_10)
FN:35,(anonymous_11)
FN:35,(anonymous_12)
FN:35,loadSnapshot
FN:44,(anonymous_14)
FN:44,(anonymous_15)
FN:44,handleRefresh
FN:78,MetricCard
FN:95,CardContent
FN:159,TimeframeSelector
FN:165,(anonymous_20)
FN:168,onPress
FN:248,(anonymous_22)
FN:257,onPress
FN:268,(anonymous_24)
FN:298,(anonymous_25)
FNF:17
FNH:0
FNDA:0,AnalyticsDashboard
FNDA:0,(anonymous_10)
FNDA:0,(anonymous_11)
FNDA:0,(anonymous_12)
FNDA:0,loadSnapshot
FNDA:0,(anonymous_14)
FNDA:0,(anonymous_15)
FNDA:0,handleRefresh
FNDA:0,MetricCard
FNDA:0,CardContent
FNDA:0,TimeframeSelector
FNDA:0,(anonymous_20)
FNDA:0,onPress
FNDA:0,(anonymous_22)
FNDA:0,onPress
FNDA:0,(anonymous_24)
FNDA:0,(anonymous_25)
DA:7,0
DA:8,0
DA:9,0
DA:10,0
DA:19,0
DA:21,0
DA:22,0
DA:23,0
DA:24,0
DA:26,0
DA:27,0
DA:28,0
DA:31,0
DA:32,0
DA:35,0
DA:36,0
DA:37,0
DA:38,0
DA:42,0
DA:44,0
DA:45,0
DA:46,0
DA:47,0
DA:48,0
DA:51,0
DA:78,0
DA:79,0
DA:80,0
DA:81,0
DA:82,0
DA:83,0
DA:84,0
DA:85,0
DA:95,0
DA:144,0
DA:145,0
DA:152,0
DA:159,0
DA:165,0
DA:168,0
DA:189,0
DA:190,0
DA:199,0
DA:248,0
DA:257,0
DA:268,0
DA:299,0
DA:300,0
DA:332,0
DA:587,0
LF:50
LH:0
BRDA:58,0,0,0
BRDA:58,0,1,0
BRDA:58,1,0,0
BRDA:58,1,1,0
BRDA:66,2,0,0
BRDA:66,2,1,0
BRDA:66,3,0,0
BRDA:66,3,1,0
BRDA:74,4,0,0
BRDA:74,4,1,0
BRDA:74,5,0,0
BRDA:74,5,1,0
BRDA:107,6,0,0
BRDA:107,6,1,0
BRDA:115,7,0,0
BRDA:115,7,1,0
BRDA:120,8,0,0
BRDA:120,8,1,0
BRDA:132,9,0,0
BRDA:132,9,1,0
BRDA:132,10,0,0
BRDA:132,10,1,0
BRDA:133,11,0,0
BRDA:133,11,1,0
BRDA:144,12,0,0
BRDA:171,13,0,0
BRDA:171,13,1,0
BRDA:178,14,0,0
BRDA:178,14,1,0
BRDA:189,15,0,0
BRDA:223,16,0,0
BRDA:223,16,1,0
BRDA:257,17,0,0
BRDA:257,17,1,0
BRF:34
BRH:0
end_of_record
TN:
SF:components\common\Badge.tsx
FN:16,Badge
FN:31,getSizeDimensions
FN:45,getPositionStyles
FN:61,(anonymous_12)
FNF:4
FNH:0
FNDA:0,Badge
FNDA:0,getSizeDimensions
FNDA:0,getPositionStyles
FNDA:0,(anonymous_12)
DA:1,0
DA:2,0
DA:16,0
DA:17,0
DA:18,0
DA:19,0
DA:20,0
DA:21,0
DA:22,0
DA:23,0
DA:24,0
DA:25,0
DA:27,0
DA:28,0
DA:31,0
DA:32,0
DA:34,0
DA:36,0
DA:38,0
DA:40,0
DA:45,0
DA:46,0
DA:47,0
DA:49,0
DA:51,0
DA:53,0
DA:55,0
DA:57,0
DA:61,0
DA:62,0
DA:64,0
DA:65,0
DA:79,0
DA:81,0
DA:86,0
DA:88,0
DA:96,0
DA:99,0
DA:103,0
DA:104,0
DA:107,0
DA:108,0
DA:109,0
DA:111,0
DA:159,0
LF:45
LH:0
BRDA:18,0,0,0
BRDA:18,0,1,0
BRDA:19,1,0,0
BRDA:19,1,1,0
BRDA:20,2,0,0
BRDA:20,2,1,0
BRDA:21,3,0,0
BRDA:21,3,1,0
BRDA:22,4,0,0
BRDA:22,4,1,0
BRDA:25,5,0,0
BRDA:25,5,1,0
BRDA:32,6,0,0
BRDA:32,6,1,0
BRDA:32,6,2,0
BRDA:32,6,3,0
BRDA:47,7,0,0
BRDA:47,7,1,0
BRDA:47,7,2,0
BRDA:47,7,3,0
BRDA:47,7,4,0
BRDA:62,8,0,0
BRDA:62,8,1,0
BRDA:64,9,0,0
BRDA:64,9,1,0
BRDA:64,10,0,0
BRDA:64,10,1,0
BRDA:64,10,2,0
BRDA:79,11,0,0
BRDA:79,11,1,0
BRDA:79,12,0,0
BRDA:79,12,1,0
BRDA:86,13,0,0
BRDA:86,14,0,0
BRDA:86,14,1,0
BRDA:96,15,0,0
BRDA:96,15,1,0
BRDA:103,16,0,0
BRDA:109,17,0,0
BRDA:109,17,1,0
BRF:40
BRH:0
end_of_record
TN:
SF:components\common\BaseModal.tsx
FN:65,BaseModal
FN:94,(anonymous_10)
FN:180,getModalDimensions
FN:228,handleBackdropPress
FN:235,getAnimatedStyles
FNF:5
FNH:0
FNDA:0,BaseModal
FNDA:0,(anonymous_10)
FNDA:0,getModalDimensions
FNDA:0,handleBackdropPress
FNDA:0,getAnimatedStyles
DA:7,0
DA:8,0
DA:21,0
DA:22,0
DA:23,0
DA:24,0
DA:65,0
DA:66,0
DA:67,0
DA:68,0
DA:69,0
DA:70,0
DA:71,0
DA:72,0
DA:73,0
DA:74,0
DA:75,0
DA:76,0
DA:77,0
DA:78,0
DA:79,0
DA:80,0
DA:81,0
DA:82,0
DA:83,0
DA:85,0
DA:86,0
DA:89,0
DA:90,0
DA:91,0
DA:92,0
DA:94,0
DA:95,0
DA:97,0
DA:132,0
DA:167,0
DA:180,0
DA:182,0
DA:189,0
DA:196,0
DA:198,0
DA:203,0
DA:208,0
DA:213,0
DA:218,0
DA:225,0
DA:228,0
DA:229,0
DA:230,0
DA:235,0
DA:236,0
DA:237,0
DA:242,0
DA:254,0
DA:255,0
DA:264,0
DA:414,0
DA:491,0
LF:58
LH:0
BRDA:73,0,0,0
BRDA:73,0,1,0
BRDA:74,1,0,0
BRDA:74,1,1,0
BRDA:75,2,0,0
BRDA:75,2,1,0
BRDA:76,3,0,0
BRDA:76,3,1,0
BRDA:77,4,0,0
BRDA:77,4,1,0
BRDA:78,5,0,0
BRDA:78,5,1,0
BRDA:79,6,0,0
BRDA:79,6,1,0
BRDA:95,7,0,0
BRDA:95,7,1,0
BRDA:103,8,0,0
BRDA:103,8,1,0
BRDA:110,9,0,0
BRDA:110,9,1,0
BRDA:138,10,0,0
BRDA:138,10,1,0
BRDA:144,11,0,0
BRDA:144,11,1,0
BRDA:168,12,0,0
BRDA:168,12,1,0
BRDA:169,13,0,0
BRDA:169,13,1,0
BRDA:171,14,0,0
BRDA:171,14,1,0
BRDA:172,15,0,0
BRDA:172,15,1,0
BRDA:173,16,0,0
BRDA:173,16,1,0
BRDA:175,17,0,0
BRDA:175,17,1,0
BRDA:183,18,0,0
BRDA:183,18,1,0
BRDA:183,19,0,0
BRDA:183,19,1,0
BRDA:184,20,0,0
BRDA:184,20,1,0
BRDA:184,21,0,0
BRDA:184,21,1,0
BRDA:185,22,0,0
BRDA:185,22,1,0
BRDA:185,23,0,0
BRDA:185,23,1,0
BRDA:190,24,0,0
BRDA:190,24,1,0
BRDA:191,25,0,0
BRDA:191,25,1,0
BRDA:192,26,0,0
BRDA:192,26,1,0
BRDA:196,27,0,0
BRDA:196,27,1,0
BRDA:196,27,2,0
BRDA:196,27,3,0
BRDA:196,27,4,0
BRDA:229,28,0,0
BRDA:236,29,0,0
BRDA:246,30,0,0
BRDA:246,30,1,0
BRDA:246,31,0,0
BRDA:246,31,1,0
BRDA:254,32,0,0
BRDA:254,32,1,0
BRDA:255,33,0,0
BRDA:255,33,1,0
BRDA:269,34,0,0
BRDA:269,34,1,0
BRDA:275,35,0,0
BRDA:275,35,1,0
BRDA:275,35,2,0
BRDA:301,36,0,0
BRDA:301,36,1,0
BRDA:302,37,0,0
BRDA:302,37,1,0
BRDA:307,38,0,0
BRDA:307,38,1,0
BRDA:320,39,0,0
BRDA:320,39,1,0
BRDA:327,40,0,0
BRDA:327,40,1,0
BRDA:330,41,0,0
BRDA:330,41,1,0
BRDA:330,41,2,0
BRDA:330,41,3,0
BRDA:338,42,0,0
BRDA:338,42,1,0
BRDA:340,43,0,0
BRDA:340,43,1,0
BRDA:351,44,0,0
BRDA:351,44,1,0
BRDA:366,45,0,0
BRDA:366,45,1,0
BRDA:396,46,0,0
BRDA:396,46,1,0
BRF:98
BRH:0
end_of_record
TN:
SF:components\common\ChatInterface.tsx
FN:61,MessageBubble
FN:69,formatTime
FN:74,getStatusIcon
FN:200,ChatInterface
FN:219,(anonymous_13)
FN:221,(anonymous_14)
FN:224,(anonymous_15)
FN:230,(anonymous_16)
FN:234,(anonymous_17)
FN:237,(anonymous_18)
FN:238,(anonymous_19)
FN:246,handleSendMessage
FN:253,handleMessageLongPress
FN:258,onPress
FN:259,onPress
FN:265,renderMessage
FN:275,onLongPress
FN:280,getChatTypeColor
FN:305,keyExtractor
FNF:19
FNH:0
FNDA:0,MessageBubble
FNDA:0,formatTime
FNDA:0,getStatusIcon
FNDA:0,ChatInterface
FNDA:0,(anonymous_13)
FNDA:0,(anonymous_14)
FNDA:0,(anonymous_15)
FNDA:0,(anonymous_16)
FNDA:0,(anonymous_17)
FNDA:0,(anonymous_18)
FNDA:0,(anonymous_19)
FNDA:0,handleSendMessage
FNDA:0,handleMessageLongPress
FNDA:0,onPress
FNDA:0,onPress
FNDA:0,renderMessage
FNDA:0,onLongPress
FNDA:0,getChatTypeColor
FNDA:0,keyExtractor
DA:6,0
DA:7,0
DA:18,0
DA:19,0
DA:20,0
DA:21,0
DA:61,0
DA:62,0
DA:63,0
DA:64,0
DA:65,0
DA:67,0
DA:69,0
DA:70,0
DA:71,0
DA:74,0
DA:75,0
DA:76,0
DA:77,0
DA:78,0
DA:79,0
DA:83,0
DA:200,0
DA:201,0
DA:202,0
DA:203,0
DA:204,0
DA:205,0
DA:206,0
DA:207,0
DA:208,0
DA:209,0
DA:211,0
DA:212,0
DA:214,0
DA:215,0
DA:216,0
DA:217,0
DA:219,0
DA:221,0
DA:223,0
DA:224,0
DA:225,0
DA:230,0
DA:231,0
DA:232,0
DA:234,0
DA:235,0
DA:237,0
DA:238,0
DA:240,0
DA:242,0
DA:246,0
DA:247,0
DA:248,0
DA:249,0
DA:253,0
DA:254,0
DA:265,0
DA:266,0
DA:267,0
DA:268,0
DA:270,0
DA:275,0
DA:280,0
DA:281,0
DA:282,0
DA:283,0
DA:284,0
DA:285,0
DA:286,0
DA:290,0
DA:292,0
DA:305,0
LF:74
LH:0
BRDA:75,0,0,0
BRDA:75,0,1,0
BRDA:75,0,2,0
BRDA:75,0,3,0
BRDA:86,1,0,0
BRDA:86,1,1,0
BRDA:93,2,0,0
BRDA:93,2,1,0
BRDA:93,2,2,0
BRDA:121,3,0,0
BRDA:121,3,1,0
BRDA:121,3,2,0
BRDA:137,4,0,0
BRDA:137,4,1,0
BRDA:141,5,0,0
BRDA:141,5,1,0
BRDA:141,6,0,0
BRDA:141,6,1,0
BRDA:142,7,0,0
BRDA:142,7,1,0
BRDA:142,8,0,0
BRDA:142,8,1,0
BRDA:151,9,0,0
BRDA:151,9,1,0
BRDA:157,10,0,0
BRDA:157,10,1,0
BRDA:158,11,0,0
BRDA:158,11,1,0
BRDA:159,12,0,0
BRDA:159,12,1,0
BRDA:169,13,0,0
BRDA:169,13,1,0
BRDA:177,14,0,0
BRDA:177,14,1,0
BRDA:183,15,0,0
BRDA:183,15,1,0
BRDA:187,16,0,0
BRDA:187,16,1,0
BRDA:208,17,0,0
BRDA:208,17,1,0
BRDA:209,18,0,0
BRDA:209,18,1,0
BRDA:223,19,0,0
BRDA:223,20,0,0
BRDA:223,20,1,0
BRDA:225,21,0,0
BRDA:225,21,1,0
BRDA:231,22,0,0
BRDA:231,22,1,0
BRDA:232,23,0,0
BRDA:232,23,1,0
BRDA:235,24,0,0
BRDA:235,24,1,0
BRDA:235,25,0,0
BRDA:235,25,1,0
BRDA:240,26,0,0
BRDA:240,26,1,0
BRDA:242,27,0,0
BRDA:242,27,1,0
BRDA:247,28,0,0
BRDA:267,29,0,0
BRDA:267,29,1,0
BRDA:268,30,0,0
BRDA:268,30,1,0
BRDA:281,31,0,0
BRDA:281,31,1,0
BRDA:281,31,2,0
BRDA:281,31,3,0
BRDA:281,31,4,0
BRDA:295,32,0,0
BRDA:295,32,1,0
BRDA:299,33,0,0
BRDA:299,33,1,0
BRDA:321,34,0,0
BRDA:321,34,1,0
BRDA:335,35,0,0
BRDA:335,35,1,0
BRDA:335,36,0,0
BRDA:335,36,1,0
BRDA:342,37,0,0
BRDA:342,37,1,0
BRDA:345,38,0,0
BRDA:345,38,1,0
BRDA:381,39,0,0
BRDA:381,39,1,0
BRDA:385,40,0,0
BRDA:385,40,1,0
BRDA:394,41,0,0
BRDA:394,41,1,0
BRDA:399,42,0,0
BRDA:399,42,1,0
BRDA:415,43,0,0
BRDA:415,43,1,0
BRF:93
BRH:0
end_of_record
TN:
SF:components\common\ContentCreationDemo.tsx
FN:66,ContentCreationDemo
FN:75,getSampleContent
FN:159,(anonymous_12)
FN:159,(anonymous_13)
FN:167,getModerationType
FN:188,(anonymous_15)
FN:159,testModule
FN:211,handleSubmitSuccess
FN:212,(anonymous_18)
FN:222,handleSubmitError
FN:226,getModuleColor
FN:227,(anonymous_21)
FN:247,(anonymous_22)
FN:248,(anonymous_23)
FN:249,(anonymous_24)
FN:253,(anonymous_25)
FN:264,(anonymous_26)
FN:287,onPress
FN:296,onPress
FN:345,onPress
FN:346,(anonymous_30)
FN:347,(anonymous_31)
FN:361,onRequestClose
FN:369,onPress
FN:379,onSubmitSuccess
FN:381,onCancel
FNF:26
FNH:0
FNDA:0,ContentCreationDemo
FNDA:0,getSampleContent
FNDA:0,(anonymous_12)
FNDA:0,(anonymous_13)
FNDA:0,getModerationType
FNDA:0,(anonymous_15)
FNDA:0,testModule
FNDA:0,handleSubmitSuccess
FNDA:0,(anonymous_18)
FNDA:0,handleSubmitError
FNDA:0,getModuleColor
FNDA:0,(anonymous_21)
FNDA:0,(anonymous_22)
FNDA:0,(anonymous_23)
FNDA:0,(anonymous_24)
FNDA:0,(anonymous_25)
FNDA:0,(anonymous_26)
FNDA:0,onPress
FNDA:0,onPress
FNDA:0,onPress
FNDA:0,(anonymous_30)
FNDA:0,(anonymous_31)
FNDA:0,onRequestClose
FNDA:0,onPress
FNDA:0,onSubmitSuccess
FNDA:0,onCancel
DA:6,0
DA:7,0
DA:16,0
DA:17,0
DA:19,0
DA:20,0
DA:31,0
DA:66,0
DA:67,0
DA:68,0
DA:69,0
DA:70,0
DA:72,0
DA:75,0
DA:76,0
DA:88,0
DA:90,0
DA:107,0
DA:122,0
DA:138,0
DA:154,0
DA:159,0
DA:160,0
DA:161,0
DA:164,0
DA:167,0
DA:168,0
DA:169,0
DA:170,0
DA:171,0
DA:172,0
DA:173,0
DA:177,0
DA:185,0
DA:188,0
DA:198,0
DA:206,0
DA:208,0
DA:211,0
DA:212,0
DA:216,0
DA:217,0
DA:218,0
DA:222,0
DA:223,0
DA:226,0
DA:227,0
DA:230,0
DA:247,0
DA:248,0
DA:249,0
DA:253,0
DA:264,0
DA:287,0
DA:297,0
DA:298,0
DA:346,0
DA:347,0
DA:361,0
DA:369,0
DA:379,0
DA:381,0
DA:390,0
LF:63
LH:0
BRDA:88,0,0,0
BRDA:88,0,1,0
BRDA:88,0,2,0
BRDA:88,0,3,0
BRDA:88,0,4,0
BRDA:168,1,0,0
BRDA:168,1,1,0
BRDA:168,1,2,0
BRDA:168,1,3,0
BRDA:168,1,4,0
BRDA:201,2,0,0
BRDA:201,2,1,0
BRDA:202,3,0,0
BRDA:202,3,1,0
BRDA:203,4,0,0
BRDA:203,4,1,0
BRDA:214,5,0,0
BRDA:214,5,1,0
BRDA:227,6,0,0
BRDA:227,6,1,0
BRDA:227,7,0,0
BRDA:227,7,1,0
BRDA:247,8,0,0
BRDA:247,8,1,0
BRDA:248,9,0,0
BRDA:248,9,1,0
BRDA:249,10,0,0
BRDA:249,10,1,0
BRDA:251,11,0,0
BRDA:251,11,1,0
BRDA:253,12,0,0
BRDA:253,12,1,0
BRDA:253,13,0,0
BRDA:253,13,1,0
BRDA:253,14,0,0
BRDA:253,14,1,0
BRDA:307,15,0,0
BRDA:307,15,1,0
BRDA:313,16,0,0
BRDA:313,16,1,0
BRDA:315,17,0,0
BRDA:315,17,1,0
BRDA:319,18,0,0
BRDA:319,18,1,0
BRDA:321,19,0,0
BRDA:321,19,1,0
BRDA:324,20,0,0
BRDA:324,20,1,0
BRDA:333,21,0,0
BRDA:333,21,1,0
BRDA:333,22,0,0
BRDA:333,22,1,0
BRDA:367,23,0,0
BRDA:367,23,1,0
BRDA:367,24,0,0
BRDA:367,24,1,0
BRDA:375,25,0,0
BRDA:375,25,1,0
BRF:58
BRH:0
end_of_record
TN:
SF:components\common\ContentForm.tsx
FN:45,ContentForm
FN:64,getModuleColors
FN:95,updateFormData
FN:96,(anonymous_13)
FN:103,(anonymous_14)
FN:112,(anonymous_15)
FN:120,(anonymous_16)
FN:141,handleMediaSelected
FN:142,(anonymous_18)
FN:145,handleMediaRemoved
FN:146,(anonymous_20)
FN:146,(anonymous_21)
FN:150,(anonymous_22)
FN:150,(anonymous_23)
FN:150,handleSubmit
FN:184,(anonymous_25)
FN:184,(anonymous_26)
FN:184,handleSaveDraft
FN:208,renderField
FN:226,onChangeText
FN:245,(anonymous_30)
FN:256,renderModuleFields
FN:347,(anonymous_32)
FN:360,(anonymous_33)
FNF:24
FNH:0
FNDA:0,ContentForm
FNDA:0,getModuleColors
FNDA:0,updateFormData
FNDA:0,(anonymous_13)
FNDA:0,(anonymous_14)
FNDA:0,(anonymous_15)
FNDA:0,(anonymous_16)
FNDA:0,handleMediaSelected
FNDA:0,(anonymous_18)
FNDA:0,handleMediaRemoved
FNDA:0,(anonymous_20)
FNDA:0,(anonymous_21)
FNDA:0,(anonymous_22)
FNDA:0,(anonymous_23)
FNDA:0,handleSubmit
FNDA:0,(anonymous_25)
FNDA:0,(anonymous_26)
FNDA:0,handleSaveDraft
FNDA:0,renderField
FNDA:0,onChangeText
FNDA:0,(anonymous_30)
FNDA:0,renderModuleFields
FNDA:0,(anonymous_32)
FNDA:0,(anonymous_33)
DA:6,0
DA:7,0
DA:19,0
DA:20,0
DA:21,0
DA:45,0
DA:46,0
DA:47,0
DA:48,0
DA:49,0
DA:50,0
DA:51,0
DA:52,0
DA:54,0
DA:56,0
DA:57,0
DA:58,0
DA:59,0
DA:60,0
DA:61,0
DA:64,0
DA:65,0
DA:68,0
DA:76,0
DA:83,0
DA:92,0
DA:95,0
DA:96,0
DA:102,0
DA:103,0
DA:104,0
DA:105,0
DA:106,0
DA:112,0
DA:113,0
DA:114,0
DA:115,0
DA:116,0
DA:119,0
DA:120,0
DA:121,0
DA:122,0
DA:123,0
DA:124,0
DA:125,0
DA:126,0
DA:127,0
DA:128,0
DA:129,0
DA:131,0
DA:132,0
DA:136,0
DA:141,0
DA:142,0
DA:145,0
DA:146,0
DA:150,0
DA:151,0
DA:152,0
DA:153,0
DA:156,0
DA:158,0
DA:159,0
DA:167,0
DA:168,0
DA:169,0
DA:171,0
DA:172,0
DA:176,0
DA:177,0
DA:179,0
DA:181,0
DA:184,0
DA:185,0
DA:187,0
DA:188,0
DA:189,0
DA:193,0
DA:194,0
DA:195,0
DA:197,0
DA:201,0
DA:203,0
DA:205,0
DA:208,0
DA:212,0
DA:217,0
DA:226,0
DA:245,0
DA:256,0
DA:257,0
DA:259,0
DA:271,0
DA:282,0
DA:292,0
DA:302,0
DA:306,0
DA:347,0
DA:360,0
DA:446,0
LF:100
LH:0
BRDA:51,0,0,0
BRDA:51,0,1,0
BRDA:55,1,0,0
BRDA:55,1,1,0
BRDA:65,2,0,0
BRDA:65,2,1,0
BRDA:65,2,2,0
BRDA:65,2,3,0
BRDA:65,2,4,0
BRDA:102,3,0,0
BRDA:113,4,0,0
BRDA:116,5,0,0
BRDA:116,5,1,0
BRDA:121,6,0,0
BRDA:121,6,1,0
BRDA:122,7,0,0
BRDA:122,7,1,0
BRDA:124,8,0,0
BRDA:124,8,1,0
BRDA:125,9,0,0
BRDA:125,9,1,0
BRDA:127,10,0,0
BRDA:127,10,1,0
BRDA:128,11,0,0
BRDA:128,11,1,0
BRDA:131,12,0,0
BRDA:131,12,1,0
BRDA:151,13,0,0
BRDA:151,14,0,0
BRDA:151,14,1,0
BRDA:159,15,0,0
BRDA:159,15,1,0
BRDA:163,16,0,0
BRDA:163,16,1,0
BRDA:167,17,0,0
BRDA:167,17,1,0
BRDA:168,18,0,0
BRDA:168,18,1,0
BRDA:169,19,0,0
BRDA:169,19,1,0
BRDA:171,20,0,0
BRDA:171,20,1,0
BRDA:171,21,0,0
BRDA:171,21,1,0
BRDA:172,22,0,0
BRDA:172,22,1,0
BRDA:172,23,0,0
BRDA:172,23,1,0
BRDA:176,24,0,0
BRDA:176,24,1,0
BRDA:177,25,0,0
BRDA:177,25,1,0
BRDA:189,26,0,0
BRDA:189,26,1,0
BRDA:193,27,0,0
BRDA:193,27,1,0
BRDA:195,28,0,0
BRDA:195,28,1,0
BRDA:197,29,0,0
BRDA:197,29,1,0
BRDA:197,30,0,0
BRDA:197,30,1,0
BRDA:212,31,0,0
BRDA:212,31,1,0
BRDA:212,32,0,0
BRDA:212,32,1,0
BRDA:222,33,0,0
BRDA:222,33,1,0
BRDA:225,34,0,0
BRDA:225,34,1,0
BRDA:225,35,0,0
BRDA:225,35,1,0
BRDA:229,36,0,0
BRDA:229,36,1,0
BRDA:234,37,0,0
BRDA:234,37,1,0
BRDA:236,38,0,0
BRDA:236,38,1,0
BRDA:237,39,0,0
BRDA:237,39,1,0
BRDA:238,40,0,0
BRDA:238,40,1,0
BRDA:243,41,0,0
BRDA:243,41,1,0
BRDA:257,42,0,0
BRDA:257,42,1,0
BRDA:257,42,2,0
BRDA:257,42,3,0
BRDA:257,42,4,0
BRDA:309,43,0,0
BRDA:309,43,1,0
BRDA:315,44,0,0
BRDA:315,44,1,0
BRDA:318,45,0,0
BRDA:318,45,1,0
BRDA:323,46,0,0
BRDA:323,46,1,0
BRDA:326,47,0,0
BRDA:326,47,1,0
BRDA:330,48,0,0
BRDA:330,48,1,0
BRDA:332,49,0,0
BRDA:332,49,1,0
BRDA:336,50,0,0
BRDA:336,50,1,0
BRDA:338,51,0,0
BRDA:338,51,1,0
BRDA:345,52,0,0
BRDA:345,52,1,0
BRDA:354,53,0,0
BRDA:354,53,1,0
BRDA:380,54,0,0
BRDA:380,54,1,0
BRDA:420,55,0,0
BRDA:420,55,1,0
BRDA:420,56,0,0
BRDA:420,56,1,0
BRDA:424,57,0,0
BRDA:424,57,1,0
BRDA:424,58,0,0
BRDA:424,58,1,0
BRDA:424,59,0,0
BRDA:424,59,1,0
BRDA:430,60,0,0
BRDA:430,60,1,0
BRDA:434,61,0,0
BRDA:434,61,1,0
BRDA:435,62,0,0
BRDA:435,62,1,0
BRDA:436,63,0,0
BRDA:436,63,1,0
BRF:131
BRH:0
end_of_record
TN:
SF:components\common\CustomSlider.tsx
FN:29,CustomSlider
FN:40,getValueFromPosition
FN:45,getPositionFromValue
FN:50,handlePress
FNF:4
FNH:0
FNDA:0,CustomSlider
FNDA:0,getValueFromPosition
FNDA:0,getPositionFromValue
FNDA:0,handlePress
DA:6,0
DA:7,0
DA:26,0
DA:27,0
DA:29,0
DA:30,0
DA:31,0
DA:32,0
DA:33,0
DA:34,0
DA:35,0
DA:36,0
DA:38,0
DA:40,0
DA:41,0
DA:42,0
DA:45,0
DA:46,0
DA:47,0
DA:50,0
DA:51,0
DA:52,0
DA:53,0
DA:56,0
DA:92,0
DA:126,0
LF:26
LH:0
BRDA:35,0,0,0
BRDA:35,0,1,0
BRDA:36,1,0,0
BRDA:36,1,1,0
BRF:4
BRH:0
end_of_record
TN:
SF:components\common\Dialog.tsx
FN:60,Dialog
FN:81,(anonymous_10)
FN:135,getTypeColors
FN:172,handleBackdropPress
FN:178,handleButtonPress
FN:288,(anonymous_14)
FN:319,onPress
FNF:7
FNH:0
FNDA:0,Dialog
FNDA:0,(anonymous_10)
FNDA:0,getTypeColors
FNDA:0,handleBackdropPress
FNDA:0,handleButtonPress
FNDA:0,(anonymous_14)
FNDA:0,onPress
DA:7,0
DA:8,0
DA:19,0
DA:20,0
DA:21,0
DA:60,0
DA:61,0
DA:62,0
DA:63,0
DA:64,0
DA:65,0
DA:66,0
DA:67,0
DA:68,0
DA:69,0
DA:70,0
DA:71,0
DA:73,0
DA:74,0
DA:77,0
DA:78,0
DA:79,0
DA:81,0
DA:82,0
DA:83,0
DA:102,0
DA:124,0
DA:135,0
DA:136,0
DA:138,0
DA:143,0
DA:148,0
DA:153,0
DA:158,0
DA:165,0
DA:166,0
DA:172,0
DA:173,0
DA:174,0
DA:178,0
DA:179,0
DA:181,0
DA:182,0
DA:186,0
DA:187,0
DA:188,0
DA:194,0
DA:199,0
DA:201,0
DA:289,0
DA:290,0
DA:291,0
DA:293,0
DA:307,0
DA:315,0
DA:319,0
DA:348,0
DA:454,0
LF:58
LH:0
BRDA:65,0,0,0
BRDA:65,0,1,0
BRDA:68,1,0,0
BRDA:68,1,1,0
BRDA:69,2,0,0
BRDA:69,2,1,0
BRDA:70,3,0,0
BRDA:70,3,1,0
BRDA:82,4,0,0
BRDA:82,4,1,0
BRDA:125,5,0,0
BRDA:125,5,1,0
BRDA:127,6,0,0
BRDA:127,6,1,0
BRDA:128,7,0,0
BRDA:128,7,1,0
BRDA:130,8,0,0
BRDA:130,8,1,0
BRDA:136,9,0,0
BRDA:136,9,1,0
BRDA:136,9,2,0
BRDA:136,9,3,0
BRDA:136,9,4,0
BRDA:160,10,0,0
BRDA:160,10,1,0
BRDA:166,11,0,0
BRDA:166,11,1,0
BRDA:166,12,0,0
BRDA:166,12,1,0
BRDA:167,13,0,0
BRDA:167,13,1,0
BRDA:167,14,0,0
BRDA:167,14,1,0
BRDA:167,15,0,0
BRDA:167,15,1,0
BRDA:173,16,0,0
BRDA:173,17,0,0
BRDA:173,17,1,0
BRDA:179,18,0,0
BRDA:179,19,0,0
BRDA:179,19,1,0
BRDA:181,20,0,0
BRDA:186,21,0,0
BRDA:186,22,0,0
BRDA:186,22,1,0
BRDA:187,23,0,0
BRDA:195,24,0,0
BRDA:195,24,1,0
BRDA:195,25,0,0
BRDA:195,25,1,0
BRDA:199,26,0,0
BRDA:208,27,0,0
BRDA:208,27,1,0
BRDA:208,27,2,0
BRDA:243,28,0,0
BRDA:243,28,1,0
BRDA:252,29,0,0
BRDA:252,29,1,0
BRDA:253,30,0,0
BRDA:253,30,1,0
BRDA:259,31,0,0
BRDA:259,31,1,0
BRDA:269,32,0,0
BRDA:269,32,1,0
BRDA:271,33,0,0
BRDA:271,33,1,0
BRDA:281,34,0,0
BRDA:281,34,1,0
BRDA:285,35,0,0
BRDA:285,35,1,0
BRDA:291,36,0,0
BRDA:291,36,1,0
BRDA:291,36,2,0
BRDA:295,37,0,0
BRDA:295,37,1,0
BRDA:296,38,0,0
BRDA:296,38,1,0
BRDA:297,39,0,0
BRDA:297,39,1,0
BRDA:298,40,0,0
BRDA:298,40,1,0
BRDA:302,41,0,0
BRDA:302,41,1,0
BRDA:303,42,0,0
BRDA:303,42,1,0
BRDA:303,42,2,0
BRDA:304,43,0,0
BRDA:304,43,1,0
BRDA:309,44,0,0
BRDA:309,44,1,0
BRDA:310,45,0,0
BRDA:310,45,1,0
BRDA:311,46,0,0
BRDA:311,46,1,0
BRDA:311,46,2,0
BRDA:312,47,0,0
BRDA:312,47,1,0
BRDA:320,48,0,0
BRDA:320,48,1,0
BRDA:325,49,0,0
BRDA:325,49,1,0
BRDA:329,50,0,0
BRDA:329,50,1,0
BRDA:329,51,0,0
BRDA:329,51,1,0
BRF:105
BRH:0
end_of_record
TN:
SF:components\common\EngagementCounter.tsx
FN:23,EngagementCounter
FN:71,(anonymous_10)
FN:75,(anonymous_11)
FN:75,(anonymous_12)
FN:75,loadEngagementMetrics
FN:85,formatNumber
FN:95,(anonymous_15)
FN:95,(anonymous_16)
FN:126,(anonymous_17)
FN:95,handleInteraction
FN:137,(anonymous_19)
FN:157,MetricItem
FN:174,ItemContent
FN:229,onPress
FN:230,style
FNF:15
FNH:0
FNDA:0,EngagementCounter
FNDA:0,(anonymous_10)
FNDA:0,(anonymous_11)
FNDA:0,(anonymous_12)
FNDA:0,loadEngagementMetrics
FNDA:0,formatNumber
FNDA:0,(anonymous_15)
FNDA:0,(anonymous_16)
FNDA:0,(anonymous_17)
FNDA:0,handleInteraction
FNDA:0,(anonymous_19)
FNDA:0,MetricItem
FNDA:0,ItemContent
FNDA:0,onPress
FNDA:0,style
DA:7,0
DA:8,0
DA:9,0
DA:23,0
DA:24,0
DA:25,0
DA:26,0
DA:27,0
DA:28,0
DA:29,0
DA:30,0
DA:31,0
DA:32,0
DA:34,0
DA:35,0
DA:39,0
DA:40,0
DA:44,0
DA:47,0
DA:68,0
DA:71,0
DA:72,0
DA:75,0
DA:76,0
DA:77,0
DA:78,0
DA:82,0
DA:85,0
DA:86,0
DA:87,0
DA:88,0
DA:89,0
DA:91,0
DA:95,0
DA:96,0
DA:99,0
DA:100,0
DA:101,0
DA:116,0
DA:125,0
DA:126,0
DA:130,0
DA:133,0
DA:134,0
DA:137,0
DA:138,0
DA:139,0
DA:149,0
DA:150,0
DA:157,0
DA:158,0
DA:159,0
DA:160,0
DA:161,0
DA:162,0
DA:163,0
DA:172,0
DA:174,0
DA:226,0
DA:227,0
DA:229,0
DA:230,0
DA:243,0
DA:246,0
DA:318,0
LF:65
LH:0
BRDA:27,0,0,0
BRDA:27,0,1,0
BRDA:30,1,0,0
BRDA:30,1,1,0
BRDA:31,2,0,0
BRDA:31,2,1,0
BRDA:32,3,0,0
BRDA:32,3,1,0
BRDA:86,4,0,0
BRDA:86,4,1,0
BRDA:88,5,0,0
BRDA:96,6,0,0
BRDA:100,7,0,0
BRDA:125,8,0,0
BRDA:125,9,0,0
BRDA:125,9,1,0
BRDA:125,9,2,0
BRDA:133,10,0,0
BRDA:133,10,1,0
BRDA:138,11,0,0
BRDA:138,12,0,0
BRDA:138,12,1,0
BRDA:149,13,0,0
BRDA:162,14,0,0
BRDA:162,14,1,0
BRDA:163,15,0,0
BRDA:163,15,1,0
BRDA:172,16,0,0
BRDA:172,16,1,0
BRDA:178,17,0,0
BRDA:178,17,1,0
BRDA:182,18,0,0
BRDA:182,18,1,0
BRDA:190,19,0,0
BRDA:190,19,1,0
BRDA:191,20,0,0
BRDA:191,20,1,0
BRDA:192,21,0,0
BRDA:192,21,1,0
BRDA:204,22,0,0
BRDA:204,22,1,0
BRDA:212,23,0,0
BRDA:212,23,1,0
BRDA:212,23,2,0
BRDA:226,24,0,0
BRDA:226,25,0,0
BRDA:226,25,1,0
BRDA:232,26,0,0
BRDA:232,26,1,0
BRDA:234,27,0,0
BRDA:234,27,1,0
BRDA:250,28,0,0
BRDA:250,28,1,0
BRDA:251,29,0,0
BRDA:251,29,1,0
BRDA:268,30,0,0
BRDA:268,30,1,0
BRDA:271,31,0,0
BRDA:271,31,1,0
BRDA:275,32,0,0
BRDA:275,32,1,0
BRDA:277,33,0,0
BRDA:277,33,1,0
BRDA:285,34,0,0
BRDA:285,34,1,0
BRDA:287,35,0,0
BRDA:287,35,1,0
BRDA:297,36,0,0
BRDA:297,36,1,0
BRDA:303,37,0,0
BRDA:303,37,1,0
BRDA:303,37,2,0
BRDA:303,37,3,0
BRDA:307,38,0,0
BRDA:307,38,1,0
BRF:75
BRH:0
end_of_record
TN:
SF:components\common\EnhancedLoadingStates.tsx
FN:20,PropertiesLoadingScreen
FN:31,(anonymous_11)
FN:58,(anonymous_12)
FN:71,(anonymous_13)
FN:122,JobsLoadingScreen
FN:132,(anonymous_15)
FN:154,(anonymous_16)
FN:189,(anonymous_17)
FN:213,ServicesLoadingScreen
FN:223,(anonymous_19)
FN:239,(anonymous_20)
FN:249,(anonymous_21)
FN:290,StoriesLoadingScreen
FN:300,(anonymous_23)
FN:317,(anonymous_24)
FN:328,(anonymous_25)
FN:373,DateMiLoadingScreen
FN:383,(anonymous_27)
FN:396,(anonymous_28)
FN:422,(anonymous_29)
FN:449,ProfileLoadingScreen
FN:455,(anonymous_31)
FN:478,(anonymous_32)
FN:489,(anonymous_33)
FN:506,DashboardLoadingScreen
FN:515,(anonymous_35)
FN:543,(anonymous_36)
FN:558,(anonymous_37)
FNF:28
FNH:0
FNDA:0,PropertiesLoadingScreen
FNDA:0,(anonymous_11)
FNDA:0,(anonymous_12)
FNDA:0,(anonymous_13)
FNDA:0,JobsLoadingScreen
FNDA:0,(anonymous_15)
FNDA:0,(anonymous_16)
FNDA:0,(anonymous_17)
FNDA:0,ServicesLoadingScreen
FNDA:0,(anonymous_19)
FNDA:0,(anonymous_20)
FNDA:0,(anonymous_21)
FNDA:0,StoriesLoadingScreen
FNDA:0,(anonymous_23)
FNDA:0,(anonymous_24)
FNDA:0,(anonymous_25)
FNDA:0,DateMiLoadingScreen
FNDA:0,(anonymous_27)
FNDA:0,(anonymous_28)
FNDA:0,(anonymous_29)
FNDA:0,ProfileLoadingScreen
FNDA:0,(anonymous_31)
FNDA:0,(anonymous_32)
FNDA:0,(anonymous_33)
FNDA:0,DashboardLoadingScreen
FNDA:0,(anonymous_35)
FNDA:0,(anonymous_36)
FNDA:0,(anonymous_37)
DA:6,0
DA:7,0
DA:8,0
DA:9,0
DA:10,0
DA:20,0
DA:21,0
DA:22,0
DA:23,0
DA:24,0
DA:26,0
DA:31,0
DA:32,0
DA:33,0
DA:37,0
DA:58,0
DA:71,0
DA:122,0
DA:123,0
DA:124,0
DA:125,0
DA:127,0
DA:132,0
DA:133,0
DA:134,0
DA:138,0
DA:154,0
DA:189,0
DA:213,0
DA:214,0
DA:215,0
DA:216,0
DA:218,0
DA:223,0
DA:224,0
DA:225,0
DA:229,0
DA:239,0
DA:249,0
DA:290,0
DA:291,0
DA:292,0
DA:293,0
DA:295,0
DA:300,0
DA:301,0
DA:302,0
DA:306,0
DA:317,0
DA:328,0
DA:373,0
DA:374,0
DA:375,0
DA:376,0
DA:378,0
DA:383,0
DA:384,0
DA:385,0
DA:389,0
DA:396,0
DA:422,0
DA:449,0
DA:450,0
DA:451,0
DA:453,0
DA:455,0
DA:456,0
DA:457,0
DA:461,0
DA:478,0
DA:489,0
DA:506,0
DA:507,0
DA:508,0
DA:510,0
DA:515,0
DA:516,0
DA:517,0
DA:521,0
DA:543,0
DA:558,0
DA:573,0
DA:848,0
LF:83
LH:0
BRDA:22,0,0,0
BRDA:22,0,1,0
BRDA:23,1,0,0
BRDA:23,1,1,0
BRDA:24,2,0,0
BRDA:24,2,1,0
BRDA:32,3,0,0
BRDA:44,4,0,0
BRDA:44,4,1,0
BRDA:47,5,0,0
BRDA:47,5,1,0
BRDA:56,6,0,0
BRDA:56,6,1,0
BRDA:76,7,0,0
BRDA:76,7,1,0
BRDA:124,8,0,0
BRDA:124,8,1,0
BRDA:125,9,0,0
BRDA:125,9,1,0
BRDA:133,10,0,0
BRDA:146,11,0,0
BRDA:146,11,1,0
BRDA:159,12,0,0
BRDA:159,12,1,0
BRDA:215,13,0,0
BRDA:215,13,1,0
BRDA:216,14,0,0
BRDA:216,14,1,0
BRDA:224,15,0,0
BRDA:237,16,0,0
BRDA:237,16,1,0
BRDA:254,17,0,0
BRDA:254,17,1,0
BRDA:292,18,0,0
BRDA:292,18,1,0
BRDA:293,19,0,0
BRDA:293,19,1,0
BRDA:301,20,0,0
BRDA:314,21,0,0
BRDA:314,21,1,0
BRDA:333,22,0,0
BRDA:333,22,1,0
BRDA:375,23,0,0
BRDA:375,23,1,0
BRDA:376,24,0,0
BRDA:376,24,1,0
BRDA:384,25,0,0
BRDA:401,26,0,0
BRDA:401,26,1,0
BRDA:451,27,0,0
BRDA:451,27,1,0
BRDA:456,28,0,0
BRDA:468,29,0,0
BRDA:468,29,1,0
BRDA:508,30,0,0
BRDA:508,30,1,0
BRDA:516,31,0,0
BRDA:529,32,0,0
BRDA:529,32,1,0
BRDA:541,33,0,0
BRDA:541,33,1,0
BRDA:555,34,0,0
BRDA:555,34,1,0
BRF:63
BRH:0
end_of_record
TN:
SF:components\common\ErrorBoundary.tsx
FN:24,(anonymous_1)
FN:25,ErrorBoundary
FN:35,(anonymous_3)
FN:42,(anonymous_4)
FN:54,componentDidCatch
FN:71,render
FN:50,getDerivedStateFromError
FNF:7
FNH:0
FNDA:0,(anonymous_1)
FNDA:0,ErrorBoundary
FNDA:0,(anonymous_3)
FNDA:0,(anonymous_4)
FNDA:0,componentDidCatch
FNDA:0,render
FNDA:0,getDerivedStateFromError
DA:8,0
DA:9,0
DA:24,0
DA:25,0
DA:26,0
DA:27,0
DA:32,0
DA:33,0
DA:37,0
DA:38,0
DA:42,0
DA:51,0
DA:57,0
DA:63,0
DA:65,0
DA:66,0
DA:72,0
DA:75,0
DA:78,0
DA:81,0
DA:118,0
DA:122,0
DA:165,0
LF:23
LH:0
BRDA:37,0,0,0
BRDA:63,1,0,0
BRDA:66,2,0,0
BRDA:72,3,0,0
BRDA:75,4,0,0
BRDA:75,4,1,0
BRDA:75,5,0,0
BRDA:75,5,1,0
BRDA:75,6,0,0
BRDA:75,6,1,0
BRDA:75,7,0,0
BRDA:75,7,1,0
BRDA:75,8,0,0
BRDA:75,8,1,0
BRDA:78,9,0,0
BRDA:78,9,1,0
BRDA:78,9,2,0
BRDA:79,10,0,0
BRDA:79,10,1,0
BRDA:79,11,0,0
BRDA:79,11,1,0
BRDA:79,11,2,0
BRDA:84,12,0,0
BRDA:84,12,1,0
BRDA:90,13,0,0
BRDA:90,13,1,0
BRDA:92,14,0,0
BRDA:92,14,1,0
BRDA:92,15,0,0
BRDA:92,15,1,0
BRDA:95,16,0,0
BRDA:95,16,1,0
BRDA:95,16,2,0
BRDA:102,17,0,0
BRDA:102,17,1,0
BRDA:108,18,0,0
BRDA:108,18,1,0
BRF:37
BRH:0
end_of_record
TN:
SF:components\common\HeroBanner.tsx
FN:27,HeroBanner
FN:43,getHeroBannerHeight
FN:58,getBackgroundGradient
FN:89,renderDecorations
FNF:4
FNH:0
FNDA:0,HeroBanner
FNDA:0,getHeroBannerHeight
FNDA:0,getBackgroundGradient
FNDA:0,renderDecorations
DA:1,0
DA:2,0
DA:3,0
DA:5,0
DA:27,0
DA:28,0
DA:29,0
DA:30,0
DA:31,0
DA:32,0
DA:33,0
DA:34,0
DA:35,0
DA:36,0
DA:37,0
DA:38,0
DA:40,0
DA:43,0
DA:44,0
DA:45,0
DA:47,0
DA:49,0
DA:51,0
DA:55,0
DA:58,0
DA:59,0
DA:61,0
DA:68,0
DA:75,0
DA:82,0
DA:86,0
DA:89,0
DA:90,0
DA:92,0
DA:94,0
DA:96,0
DA:124,0
DA:127,0
DA:154,0
DA:157,0
DA:184,0
DA:187,0
DA:222,0
DA:225,0
DA:341,0
LF:45
LH:0
BRDA:30,0,0,0
BRDA:30,0,1,0
BRDA:31,1,0,0
BRDA:31,1,1,0
BRDA:32,2,0,0
BRDA:32,2,1,0
BRDA:33,3,0,0
BRDA:33,3,1,0
BRDA:34,4,0,0
BRDA:34,4,1,0
BRDA:36,5,0,0
BRDA:36,5,1,0
BRDA:37,6,0,0
BRDA:37,6,1,0
BRDA:38,7,0,0
BRDA:38,7,1,0
BRDA:45,8,0,0
BRDA:45,8,1,0
BRDA:45,8,2,0
BRDA:47,9,0,0
BRDA:47,9,1,0
BRDA:49,10,0,0
BRDA:49,10,1,0
BRDA:51,11,0,0
BRDA:51,11,1,0
BRDA:59,12,0,0
BRDA:59,12,1,0
BRDA:59,12,2,0
BRDA:59,12,3,0
BRDA:90,13,0,0
BRDA:94,14,0,0
BRDA:94,14,1,0
BRDA:94,14,2,0
BRDA:94,14,3,0
BRDA:104,15,0,0
BRDA:104,15,1,0
BRDA:112,16,0,0
BRDA:112,16,1,0
BRDA:121,17,0,0
BRDA:121,17,1,0
BRDA:135,18,0,0
BRDA:135,18,1,0
BRDA:143,19,0,0
BRDA:143,19,1,0
BRDA:151,20,0,0
BRDA:151,20,1,0
BRDA:165,21,0,0
BRDA:165,21,1,0
BRDA:173,22,0,0
BRDA:173,22,1,0
BRDA:181,23,0,0
BRDA:181,23,1,0
BRDA:286,24,0,0
BRDA:286,24,1,0
BRDA:298,25,0,0
BRDA:298,25,1,0
BRDA:316,26,0,0
BRDA:316,26,1,0
BRDA:317,27,0,0
BRDA:317,27,1,0
BRDA:322,28,0,0
BRDA:322,28,1,0
BRDA:330,29,0,0
BRDA:330,29,1,0
BRF:64
BRH:0
end_of_record
TN:
SF:components\common\InteractiveComponent.tsx
FN:22,InteractiveComponent
FN:42,handlePressIn
FN:93,handlePressOut
FN:131,handlePress
FNF:4
FNH:0
FNDA:0,InteractiveComponent
FNDA:0,handlePressIn
FNDA:0,handlePressOut
FNDA:0,handlePress
DA:6,0
DA:7,0
DA:8,0
DA:22,0
DA:23,0
DA:24,0
DA:25,0
DA:26,0
DA:27,0
DA:28,0
DA:29,0
DA:30,0
DA:31,0
DA:32,0
DA:33,0
DA:34,0
DA:35,0
DA:37,0
DA:38,0
DA:39,0
DA:40,0
DA:42,0
DA:43,0
DA:45,0
DA:47,0
DA:50,0
DA:51,0
DA:62,0
DA:63,0
DA:74,0
DA:75,0
DA:76,0
DA:86,0
DA:87,0
DA:90,0
DA:93,0
DA:94,0
DA:96,0
DA:98,0
DA:101,0
DA:102,0
DA:113,0
DA:114,0
DA:124,0
DA:125,0
DA:128,0
DA:131,0
DA:132,0
DA:135,0
DA:141,0
DA:142,0
DA:158,0
DA:162,0
DA:167,0
DA:172,0
DA:223,0
LF:56
LH:0
BRDA:25,0,0,0
BRDA:25,0,1,0
BRDA:26,1,0,0
BRDA:26,1,1,0
BRDA:27,2,0,0
BRDA:27,2,1,0
BRDA:28,3,0,0
BRDA:28,3,1,0
BRDA:29,4,0,0
BRDA:29,4,1,0
BRDA:30,5,0,0
BRDA:30,5,1,0
BRDA:31,6,0,0
BRDA:31,6,1,0
BRDA:43,7,0,0
BRDA:50,8,0,0
BRDA:50,9,0,0
BRDA:50,9,1,0
BRDA:62,10,0,0
BRDA:62,11,0,0
BRDA:62,11,1,0
BRDA:74,12,0,0
BRDA:86,13,0,0
BRDA:90,14,0,0
BRDA:90,14,1,0
BRDA:94,15,0,0
BRDA:101,16,0,0
BRDA:101,17,0,0
BRDA:101,17,1,0
BRDA:113,18,0,0
BRDA:113,19,0,0
BRDA:113,19,1,0
BRDA:124,20,0,0
BRDA:128,21,0,0
BRDA:128,21,1,0
BRDA:132,22,0,0
BRDA:135,23,0,0
BRDA:141,24,0,0
BRDA:158,25,0,0
BRDA:158,25,1,0
BRDA:180,26,0,0
BRDA:180,26,1,0
BRDA:192,27,0,0
BRDA:192,27,1,0
BRDA:198,28,0,0
BRDA:198,28,1,0
BRF:46
BRH:0
end_of_record
TN:
SF:components\common\LoadingStates.tsx
FN:20,AppLoadingScreen
FN:28,(anonymous_11)
FN:58,PropertyListingLoading
FN:72,(anonymous_13)
FN:85,(anonymous_14)
FN:112,JobsListingLoading
FN:131,(anonymous_16)
FN:144,(anonymous_17)
FN:179,ChatLoadingScreen
FN:195,(anonymous_19)
FN:236,MapLoadingScreen
FN:239,(anonymous_21)
FN:257,(anonymous_22)
FN:299,NotificationsLoadingScreen
FN:314,(anonymous_24)
FN:334,ContentLoadingScreen
FN:358,(anonymous_26)
FNF:17
FNH:0
FNDA:0,AppLoadingScreen
FNDA:0,(anonymous_11)
FNDA:0,PropertyListingLoading
FNDA:0,(anonymous_13)
FNDA:0,(anonymous_14)
FNDA:0,JobsListingLoading
FNDA:0,(anonymous_16)
FNDA:0,(anonymous_17)
FNDA:0,ChatLoadingScreen
FNDA:0,(anonymous_19)
FNDA:0,MapLoadingScreen
FNDA:0,(anonymous_21)
FNDA:0,(anonymous_22)
FNDA:0,NotificationsLoadingScreen
FNDA:0,(anonymous_24)
FNDA:0,ContentLoadingScreen
FNDA:0,(anonymous_26)
DA:6,0
DA:7,0
DA:8,0
DA:10,0
DA:11,0
DA:20,0
DA:21,0
DA:22,0
DA:23,0
DA:25,0
DA:26,0
DA:28,0
DA:30,0
DA:33,0
DA:36,0
DA:58,0
DA:59,0
DA:72,0
DA:85,0
DA:112,0
DA:113,0
DA:131,0
DA:144,0
DA:179,0
DA:180,0
DA:195,0
DA:236,0
DA:237,0
DA:239,0
DA:240,0
DA:243,0
DA:257,0
DA:299,0
DA:300,0
DA:314,0
DA:334,0
DA:338,0
DA:339,0
DA:340,0
DA:341,0
DA:342,0
DA:344,0
DA:358,0
DA:371,0
DA:652,0
LF:45
LH:0
BRDA:22,0,0,0
BRDA:22,0,1,0
BRDA:23,1,0,0
BRDA:23,1,1,0
BRDA:43,2,0,0
BRDA:43,2,1,0
BRDA:198,3,0,0
BRDA:198,3,1,0
BRDA:200,4,0,0
BRDA:200,4,1,0
BRDA:205,5,0,0
BRDA:205,5,1,0
BRDA:208,6,0,0
BRDA:208,6,1,0
BRDA:211,7,0,0
BRDA:211,7,1,0
BRDA:213,8,0,0
BRDA:213,8,1,0
BRDA:217,9,0,0
BRDA:217,9,1,0
BRDA:340,10,0,0
BRDA:340,10,1,0
BRDA:341,11,0,0
BRDA:341,11,1,0
BRDA:342,12,0,0
BRDA:342,12,1,0
BRDA:350,13,0,0
BRDA:350,13,1,0
BRF:28
BRH:0
end_of_record
TN:
SF:components\common\LocationPicker.tsx
FN:65,LocationPicker
FN:109,(anonymous_11)
FN:117,(anonymous_12)
FN:124,(anonymous_13)
FN:127,(anonymous_14)
FN:134,(anonymous_15)
FN:134,(anonymous_16)
FN:134,loadSearchHistory
FN:147,(anonymous_18)
FN:147,(anonymous_19)
FN:160,(anonymous_20)
FN:147,saveToHistory
FN:172,(anonymous_22)
FN:172,(anonymous_23)
FN:172,clearSearchHistory
FN:182,(anonymous_25)
FN:182,(anonymous_26)
FN:197,(anonymous_27)
FN:218,(anonymous_28)
FN:221,handleSearchQueryChange
FN:228,(anonymous_30)
FN:234,(anonymous_31)
FN:234,(anonymous_32)
FN:234,validateLocationAddress
FN:259,(anonymous_34)
FN:259,(anonymous_35)
FN:259,handleSearchResultSelect
FN:287,(anonymous_37)
FN:287,(anonymous_38)
FN:287,handleHistorySelect
FN:300,(anonymous_40)
FN:300,(anonymous_41)
FN:300,getCurrentLocation
FN:361,(anonymous_43)
FN:361,(anonymous_44)
FN:361,getCurrentLocationWithAnimation
FN:373,(anonymous_46)
FN:373,(anonymous_47)
FN:373,handleMapPress
FN:414,toggleMapView
FN:417,(anonymous_50)
FN:429,openFullScreenMap
FN:433,onLocationSelect
FN:443,confirmLocation
FN:453,clearLocation
FN:463,onPress
FN:480,onPress
FN:512,onPress
FN:562,onSubmitEditing
FN:569,onPress
FN:584,onPress
FN:598,onPress
FN:618,keyExtractor
FN:619,renderItem
FN:622,onPress
FN:662,keyExtractor
FN:663,renderItem
FN:666,onPress
FN:738,onPress
FNF:59
FNH:0
FNDA:0,LocationPicker
FNDA:0,(anonymous_11)
FNDA:0,(anonymous_12)
FNDA:0,(anonymous_13)
FNDA:0,(anonymous_14)
FNDA:0,(anonymous_15)
FNDA:0,(anonymous_16)
FNDA:0,loadSearchHistory
FNDA:0,(anonymous_18)
FNDA:0,(anonymous_19)
FNDA:0,(anonymous_20)
FNDA:0,saveToHistory
FNDA:0,(anonymous_22)
FNDA:0,(anonymous_23)
FNDA:0,clearSearchHistory
FNDA:0,(anonymous_25)
FNDA:0,(anonymous_26)
FNDA:0,(anonymous_27)
FNDA:0,(anonymous_28)
FNDA:0,handleSearchQueryChange
FNDA:0,(anonymous_30)
FNDA:0,(anonymous_31)
FNDA:0,(anonymous_32)
FNDA:0,validateLocationAddress
FNDA:0,(anonymous_34)
FNDA:0,(anonymous_35)
FNDA:0,handleSearchResultSelect
FNDA:0,(anonymous_37)
FNDA:0,(anonymous_38)
FNDA:0,handleHistorySelect
FNDA:0,(anonymous_40)
FNDA:0,(anonymous_41)
FNDA:0,getCurrentLocation
FNDA:0,(anonymous_43)
FNDA:0,(anonymous_44)
FNDA:0,getCurrentLocationWithAnimation
FNDA:0,(anonymous_46)
FNDA:0,(anonymous_47)
FNDA:0,handleMapPress
FNDA:0,toggleMapView
FNDA:0,(anonymous_50)
FNDA:0,openFullScreenMap
FNDA:0,onLocationSelect
FNDA:0,confirmLocation
FNDA:0,clearLocation
FNDA:0,onPress
FNDA:0,onPress
FNDA:0,onPress
FNDA:0,onSubmitEditing
FNDA:0,onPress
FNDA:0,onPress
FNDA:0,onPress
FNDA:0,keyExtractor
FNDA:0,renderItem
FNDA:0,onPress
FNDA:0,keyExtractor
FNDA:0,renderItem
FNDA:0,onPress
FNDA:0,onPress
DA:1,0
DA:2,0
DA:19,0
DA:20,0
DA:21,0
DA:23,0
DA:31,0
DA:32,0
DA:33,0
DA:34,0
DA:35,0
DA:36,0
DA:65,0
DA:66,0
DA:67,0
DA:68,0
DA:69,0
DA:70,0
DA:71,0
DA:72,0
DA:73,0
DA:74,0
DA:75,0
DA:77,0
DA:78,0
DA:79,0
DA:80,0
DA:81,0
DA:82,0
DA:83,0
DA:86,0
DA:87,0
DA:89,0
DA:90,0
DA:91,0
DA:92,0
DA:93,0
DA:94,0
DA:95,0
DA:98,0
DA:99,0
DA:100,0
DA:101,0
DA:102,0
DA:103,0
DA:106,0
DA:107,0
DA:109,0
DA:110,0
DA:111,0
DA:112,0
DA:117,0
DA:118,0
DA:119,0
DA:124,0
DA:125,0
DA:126,0
DA:127,0
DA:128,0
DA:134,0
DA:135,0
DA:136,0
DA:137,0
DA:138,0
DA:139,0
DA:144,0
DA:147,0
DA:148,0
DA:150,0
DA:151,0
DA:160,0
DA:164,0
DA:165,0
DA:169,0
DA:172,0
DA:173,0
DA:174,0
DA:175,0
DA:179,0
DA:182,0
DA:183,0
DA:184,0
DA:185,0
DA:186,0
DA:189,0
DA:190,0
DA:192,0
DA:193,0
DA:195,0
DA:197,0
DA:201,0
DA:202,0
DA:204,0
DA:205,0
DA:206,0
DA:207,0
DA:212,0
DA:213,0
DA:214,0
DA:216,0
DA:218,0
DA:221,0
DA:222,0
DA:224,0
DA:225,0
DA:228,0
DA:229,0
DA:234,0
DA:235,0
DA:237,0
DA:238,0
DA:240,0
DA:241,0
DA:243,0
DA:244,0
DA:246,0
DA:247,0
DA:251,0
DA:252,0
DA:254,0
DA:256,0
DA:259,0
DA:260,0
DA:262,0
DA:263,0
DA:264,0
DA:265,0
DA:270,0
DA:271,0
DA:272,0
DA:273,0
DA:276,0
DA:280,0
DA:282,0
DA:284,0
DA:287,0
DA:288,0
DA:293,0
DA:294,0
DA:295,0
DA:296,0
DA:297,0
DA:300,0
DA:301,0
DA:302,0
DA:304,0
DA:306,0
DA:307,0
DA:308,0
DA:309,0
DA:310,0
DA:311,0
DA:315,0
DA:317,0
DA:318,0
DA:319,0
DA:323,0
DA:328,0
DA:329,0
DA:330,0
DA:331,0
DA:334,0
DA:335,0
DA:342,0
DA:346,0
DA:349,0
DA:350,0
DA:353,0
DA:354,0
DA:355,0
DA:357,0
DA:359,0
DA:361,0
DA:363,0
DA:370,0
DA:371,0
DA:373,0
DA:374,0
DA:375,0
DA:376,0
DA:377,0
DA:378,0
DA:382,0
DA:387,0
DA:388,0
DA:391,0
DA:392,0
DA:399,0
DA:402,0
DA:403,0
DA:407,0
DA:408,0
DA:410,0
DA:412,0
DA:414,0
DA:415,0
DA:416,0
DA:417,0
DA:418,0
DA:423,0
DA:429,0
DA:430,0
DA:431,0
DA:434,0
DA:435,0
DA:436,0
DA:443,0
DA:444,0
DA:445,0
DA:449,0
DA:453,0
DA:454,0
DA:455,0
DA:456,0
DA:459,0
DA:463,0
DA:481,0
DA:482,0
DA:513,0
DA:514,0
DA:515,0
DA:516,0
DA:517,0
DA:562,0
DA:570,0
DA:571,0
DA:572,0
DA:585,0
DA:586,0
DA:599,0
DA:600,0
DA:618,0
DA:619,0
DA:622,0
DA:662,0
DA:663,0
DA:666,0
DA:738,0
DA:834,0
DA:1206,0
LF:240
LH:0
BRDA:68,0,0,0
BRDA:68,0,1,0
BRDA:70,1,0,0
BRDA:70,1,1,0
BRDA:71,2,0,0
BRDA:71,2,1,0
BRDA:72,3,0,0
BRDA:72,3,1,0
BRDA:73,4,0,0
BRDA:73,4,1,0
BRDA:74,5,0,0
BRDA:74,5,1,0
BRDA:75,6,0,0
BRDA:75,6,1,0
BRDA:91,7,0,0
BRDA:91,7,1,0
BRDA:91,8,0,0
BRDA:91,8,1,0
BRDA:110,9,0,0
BRDA:112,10,0,0
BRDA:112,10,1,0
BRDA:118,11,0,0
BRDA:125,12,0,0
BRDA:125,13,0,0
BRDA:125,13,1,0
BRDA:125,13,2,0
BRDA:125,13,3,0
BRDA:137,14,0,0
BRDA:148,15,0,0
BRDA:183,16,0,0
BRDA:183,17,0,0
BRDA:183,17,1,0
BRDA:195,18,0,0
BRDA:195,18,1,0
BRDA:195,19,0,0
BRDA:195,19,1,0
BRDA:199,20,0,0
BRDA:199,20,1,0
BRDA:206,21,0,0
BRDA:207,22,0,0
BRDA:207,22,1,0
BRDA:224,23,0,0
BRDA:235,24,0,0
BRDA:243,25,0,0
BRDA:243,25,1,0
BRDA:243,26,0,0
BRDA:243,26,1,0
BRDA:264,27,0,0
BRDA:306,28,0,0
BRDA:308,29,0,0
BRDA:317,30,0,0
BRDA:317,30,1,0
BRDA:319,31,0,0
BRDA:319,31,1,0
BRDA:319,32,0,0
BRDA:319,32,1,0
BRDA:329,33,0,0
BRDA:334,34,0,0
BRDA:334,35,0,0
BRDA:334,35,1,0
BRDA:353,36,0,0
BRDA:378,37,0,0
BRDA:378,37,1,0
BRDA:379,38,0,0
BRDA:379,38,1,0
BRDA:379,39,0,0
BRDA:379,39,1,0
BRDA:379,40,0,0
BRDA:379,40,1,0
BRDA:379,41,0,0
BRDA:379,41,1,0
BRDA:391,42,0,0
BRDA:391,43,0,0
BRDA:391,43,1,0
BRDA:402,44,0,0
BRDA:415,45,0,0
BRDA:416,46,0,0
BRDA:420,47,0,0
BRDA:420,47,1,0
BRDA:421,48,0,0
BRDA:421,48,1,0
BRDA:423,49,0,0
BRDA:423,49,1,0
BRDA:444,50,0,0
BRDA:471,51,0,0
BRDA:471,51,1,0
BRDA:475,52,0,0
BRDA:475,52,1,0
BRDA:478,53,0,0
BRDA:478,53,1,0
BRDA:492,54,0,0
BRDA:492,54,1,0
BRDA:492,54,2,0
BRDA:526,55,0,0
BRDA:526,55,1,0
BRDA:529,56,0,0
BRDA:529,56,1,0
BRDA:529,57,0,0
BRDA:529,57,1,0
BRDA:532,58,0,0
BRDA:532,58,1,0
BRDA:537,59,0,0
BRDA:537,59,1,0
BRDA:537,60,0,0
BRDA:537,60,1,0
BRDA:551,61,0,0
BRDA:551,61,1,0
BRDA:564,62,0,0
BRDA:564,62,1,0
BRDA:567,63,0,0
BRDA:567,63,1,0
BRDA:585,64,0,0
BRDA:585,64,1,0
BRDA:588,65,0,0
BRDA:588,65,1,0
BRDA:591,66,0,0
BRDA:591,66,1,0
BRDA:596,67,0,0
BRDA:596,67,1,0
BRDA:602,68,0,0
BRDA:602,68,1,0
BRDA:604,69,0,0
BRDA:604,69,1,0
BRDA:614,70,0,0
BRDA:614,70,1,0
BRDA:614,70,2,0
BRDA:635,71,0,0
BRDA:635,71,1,0
BRDA:641,72,0,0
BRDA:641,72,1,0
BRDA:652,73,0,0
BRDA:652,73,1,0
BRDA:652,73,2,0
BRDA:694,74,0,0
BRDA:694,74,1,0
BRDA:703,75,0,0
BRDA:703,75,1,0
BRDA:728,76,0,0
BRDA:728,76,1,0
BRDA:748,77,0,0
BRDA:748,77,1,0
BRDA:771,78,0,0
BRDA:771,78,1,0
BRDA:778,79,0,0
BRDA:778,79,1,0
BRDA:801,80,0,0
BRDA:801,80,1,0
BRDA:810,81,0,0
BRDA:810,81,1,0
BRDA:810,81,2,0
BRDA:814,82,0,0
BRDA:814,82,1,0
BRDA:819,83,0,0
BRDA:819,83,1,0
BRF:154
BRH:0
end_of_record
TN:
SF:components\common\MapErrorBoundary.tsx
FN:23,(anonymous_9)
FN:24,MapErrorBoundary
FN:76,(anonymous_11)
FN:42,componentDidCatch
FN:84,render
FN:116,onPress
FN:33,getDerivedStateFromError
FN:52,getErrorMessage
FN:150,MapErrorWrapper
FN:155,withMapErrorBoundary
FN:159,WithMapErrorBoundary
FNF:11
FNH:0
FNDA:0,(anonymous_9)
FNDA:0,MapErrorBoundary
FNDA:0,(anonymous_11)
FNDA:0,componentDidCatch
FNDA:0,render
FNDA:0,onPress
FNDA:0,getDerivedStateFromError
FNDA:0,getErrorMessage
FNDA:0,MapErrorWrapper
FNDA:0,withMapErrorBoundary
FNDA:0,WithMapErrorBoundary
DA:6,0
DA:7,0
DA:8,0
DA:9,0
DA:23,0
DA:24,0
DA:25,0
DA:26,0
DA:30,0
DA:31,0
DA:35,0
DA:46,0
DA:53,0
DA:56,0
DA:57,0
DA:60,0
DA:61,0
DA:64,0
DA:65,0
DA:68,0
DA:69,0
DA:73,0
DA:77,0
DA:85,0
DA:87,0
DA:88,0
DA:92,0
DA:139,0
DA:150,0
DA:151,0
DA:155,0
DA:159,0
DA:160,0
DA:167,0
DA:169,0
DA:172,0
DA:272,0
LF:37
LH:0
BRDA:46,0,0,0
BRDA:46,0,1,0
BRDA:85,1,0,0
BRDA:87,2,0,0
BRDA:126,3,0,0
BRDA:126,3,1,0
BRDA:130,4,0,0
BRDA:130,4,1,0
BRDA:130,5,0,0
BRDA:130,5,1,0
BRDA:130,6,0,0
BRDA:130,6,1,0
BRDA:56,7,0,0
BRDA:56,8,0,0
BRDA:56,8,1,0
BRDA:60,9,0,0
BRDA:60,10,0,0
BRDA:60,10,1,0
BRDA:64,11,0,0
BRDA:64,12,0,0
BRDA:64,12,1,0
BRDA:68,13,0,0
BRDA:68,14,0,0
BRDA:68,14,1,0
BRDA:167,15,0,0
BRDA:167,15,1,0
BRF:26
BRH:0
end_of_record
TN:
SF:components\common\MapLoadingStates.tsx
FN:14,MapLoadingOverlay
FN:50,PropertyMarkersLoader
FN:55,(anonymous_3)
FN:63,SkeletonMarker
FN:66,(anonymous_5)
FN:85,(anonymous_6)
FN:96,LocationSearchLoader
FN:110,CurrentLocationLoader
FN:134,MapControlsSkeleton
FN:144,SkeletonBox
FN:152,(anonymous_11)
FN:170,(anonymous_12)
FN:190,PropertyCardSkeleton
FN:229,InlineLoader
FN:250,MapRegionLoader
FNF:15
FNH:0
FNDA:0,MapLoadingOverlay
FNDA:0,PropertyMarkersLoader
FNDA:0,(anonymous_3)
FNDA:0,SkeletonMarker
FNDA:0,(anonymous_5)
FNDA:0,(anonymous_6)
FNDA:0,LocationSearchLoader
FNDA:0,CurrentLocationLoader
FNDA:0,MapControlsSkeleton
FNDA:0,SkeletonBox
FNDA:0,(anonymous_11)
FNDA:0,(anonymous_12)
FNDA:0,PropertyCardSkeleton
FNDA:0,InlineLoader
FNDA:0,MapRegionLoader
DA:6,0
DA:7,0
DA:8,0
DA:9,0
DA:11,0
DA:14,0
DA:18,0
DA:19,0
DA:21,0
DA:50,0
DA:52,0
DA:53,0
DA:55,0
DA:63,0
DA:64,0
DA:66,0
DA:67,0
DA:83,0
DA:85,0
DA:88,0
DA:96,0
DA:98,0
DA:99,0
DA:101,0
DA:110,0
DA:113,0
DA:114,0
DA:116,0
DA:134,0
DA:135,0
DA:149,0
DA:150,0
DA:152,0
DA:153,0
DA:168,0
DA:170,0
DA:173,0
DA:190,0
DA:191,0
DA:229,0
DA:234,0
DA:235,0
DA:237,0
DA:250,0
DA:252,0
DA:253,0
DA:255,0
DA:263,0
DA:462,0
LF:49
LH:0
BRDA:18,0,0,0
BRDA:18,0,1,0
BRDA:19,1,0,0
BRDA:31,2,0,0
BRDA:31,2,1,0
BRDA:52,3,0,0
BRDA:52,3,1,0
BRDA:63,4,0,0
BRDA:63,4,1,0
BRDA:99,5,0,0
BRDA:113,6,0,0
BRDA:113,6,1,0
BRDA:114,7,0,0
BRDA:149,8,0,0
BRDA:149,8,1,0
BRDA:234,9,0,0
BRDA:234,9,1,0
BRDA:234,10,0,0
BRDA:234,10,1,0
BRDA:235,11,0,0
BRDA:240,12,0,0
BRDA:240,12,1,0
BRDA:253,13,0,0
BRF:23
BRH:0
end_of_record
TN:
SF:components\common\MapMarker.tsx
FN:75,getMarkerColor
FN:95,getClusterColor
FN:105,calculateDistance
FN:125,formatDistance
FN:138,(anonymous_13)
FN:154,onPress
FN:176,onPress
FN:190,onPress
FN:204,(anonymous_17)
FN:215,onPress
FN:250,(anonymous_19)
FN:271,onPress
FN:293,onPress
FN:342,onPress
FNF:14
FNH:0
FNDA:0,getMarkerColor
FNDA:0,getClusterColor
FNDA:0,calculateDistance
FNDA:0,formatDistance
FNDA:0,(anonymous_13)
FNDA:0,onPress
FNDA:0,onPress
FNDA:0,onPress
FNDA:0,(anonymous_17)
FNDA:0,onPress
FNDA:0,(anonymous_19)
FNDA:0,onPress
FNDA:0,onPress
FNDA:0,onPress
DA:6,0
DA:7,0
DA:8,0
DA:16,0
DA:17,0
DA:18,0
DA:45,0
DA:48,0
DA:55,0
DA:65,0
DA:75,0
DA:76,0
DA:77,0
DA:80,0
DA:82,0
DA:84,0
DA:86,0
DA:88,0
DA:95,0
DA:96,0
DA:97,0
DA:98,0
DA:99,0
DA:105,0
DA:109,0
DA:110,0
DA:111,0
DA:114,0
DA:118,0
DA:119,0
DA:125,0
DA:126,0
DA:127,0
DA:128,0
DA:129,0
DA:131,0
DA:138,0
DA:139,0
DA:140,0
DA:141,0
DA:142,0
DA:143,0
DA:144,0
DA:145,0
DA:147,0
DA:148,0
DA:149,0
DA:151,0
DA:154,0
DA:176,0
DA:190,0
DA:204,0
DA:205,0
DA:206,0
DA:207,0
DA:209,0
DA:210,0
DA:212,0
DA:215,0
DA:250,0
DA:251,0
DA:252,0
DA:253,0
DA:254,0
DA:255,0
DA:256,0
DA:258,0
DA:259,0
DA:260,0
DA:261,0
DA:264,0
DA:268,0
DA:271,0
DA:293,0
DA:342,0
DA:352,0
DA:521,0
DA:522,0
LF:78
LH:0
BRDA:76,0,0,0
BRDA:76,1,0,0
BRDA:76,1,1,0
BRDA:77,2,0,0
BRDA:77,2,1,0
BRDA:80,3,0,0
BRDA:80,3,1,0
BRDA:80,3,2,0
BRDA:80,3,3,0
BRDA:96,4,0,0
BRDA:97,5,0,0
BRDA:98,6,0,0
BRDA:126,7,0,0
BRDA:126,7,1,0
BRDA:128,8,0,0
BRDA:128,8,1,0
BRDA:142,9,0,0
BRDA:142,9,1,0
BRDA:144,10,0,0
BRDA:144,10,1,0
BRDA:145,11,0,0
BRDA:145,11,1,0
BRDA:154,12,0,0
BRDA:154,12,1,0
BRDA:167,13,0,0
BRDA:167,13,1,0
BRDA:169,14,0,0
BRDA:169,14,1,0
BRDA:174,15,0,0
BRDA:174,15,1,0
BRDA:176,16,0,0
BRDA:176,16,1,0
BRDA:183,17,0,0
BRDA:183,17,1,0
BRDA:190,18,0,0
BRDA:190,18,1,0
BRDA:207,19,0,0
BRDA:207,19,1,0
BRDA:215,20,0,0
BRDA:215,20,1,0
BRDA:239,21,0,0
BRDA:239,21,1,0
BRDA:254,22,0,0
BRDA:254,22,1,0
BRDA:256,23,0,0
BRDA:256,23,1,0
BRDA:261,24,0,0
BRDA:261,24,1,0
BRDA:264,25,0,0
BRDA:264,25,1,0
BRDA:264,26,0,0
BRDA:264,26,1,0
BRDA:271,27,0,0
BRDA:271,27,1,0
BRDA:293,28,0,0
BRDA:293,28,1,0
BRDA:317,29,0,0
BRDA:317,29,1,0
BRDA:322,30,0,0
BRDA:322,30,1,0
BRDA:327,31,0,0
BRDA:327,31,1,0
BRDA:334,32,0,0
BRDA:334,32,1,0
BRDA:342,33,0,0
BRDA:342,33,1,0
BRF:66
BRH:0
end_of_record
TN:
SF:components\common\MapView.tsx
FN:42,CustomMapView
FN:73,(anonymous_10)
FN:79,(anonymous_11)
FN:85,animateToLocation
FN:109,(anonymous_13)
FN:109,(anonymous_14)
FN:109,getCurrentLocation
FN:141,handleMapPress
FN:160,handleMapReady
FN:172,renderCustomMarker
FN:238,(anonymous_19)
FN:244,onPress
FNF:12
FNH:0
FNDA:0,CustomMapView
FNDA:0,(anonymous_10)
FNDA:0,(anonymous_11)
FNDA:0,animateToLocation
FNDA:0,(anonymous_13)
FNDA:0,(anonymous_14)
FNDA:0,getCurrentLocation
FNDA:0,handleMapPress
FNDA:0,handleMapReady
FNDA:0,renderCustomMarker
FNDA:0,(anonymous_19)
FNDA:0,onPress
DA:1,0
DA:2,0
DA:4,0
DA:6,0
DA:7,0
DA:42,0
DA:43,0
DA:44,0
DA:45,0
DA:46,0
DA:47,0
DA:48,0
DA:49,0
DA:50,0
DA:51,0
DA:52,0
DA:53,0
DA:54,0
DA:55,0
DA:56,0
DA:57,0
DA:58,0
DA:59,0
DA:60,0
DA:61,0
DA:62,0
DA:69,0
DA:70,0
DA:71,0
DA:73,0
DA:74,0
DA:75,0
DA:79,0
DA:80,0
DA:81,0
DA:85,0
DA:86,0
DA:87,0
DA:88,0
DA:98,0
DA:100,0
DA:109,0
DA:110,0
DA:111,0
DA:112,0
DA:113,0
DA:117,0
DA:120,0
DA:123,0
DA:125,0
DA:126,0
DA:132,0
DA:133,0
DA:137,0
DA:139,0
DA:141,0
DA:142,0
DA:143,0
DA:144,0
DA:147,0
DA:148,0
DA:155,0
DA:160,0
DA:161,0
DA:164,0
DA:172,0
DA:173,0
DA:174,0
DA:184,0
DA:238,0
DA:244,0
DA:270,0
DA:337,0
LF:73
LH:0
BRDA:43,0,0,0
BRDA:43,0,1,0
BRDA:47,1,0,0
BRDA:47,1,1,0
BRDA:48,2,0,0
BRDA:48,2,1,0
BRDA:50,3,0,0
BRDA:50,3,1,0
BRDA:51,4,0,0
BRDA:51,4,1,0
BRDA:52,5,0,0
BRDA:52,5,1,0
BRDA:53,6,0,0
BRDA:53,6,1,0
BRDA:54,7,0,0
BRDA:54,7,1,0
BRDA:55,8,0,0
BRDA:55,8,1,0
BRDA:56,9,0,0
BRDA:56,9,1,0
BRDA:57,10,0,0
BRDA:57,10,1,0
BRDA:63,11,0,0
BRDA:63,11,1,0
BRDA:74,12,0,0
BRDA:80,13,0,0
BRDA:80,14,0,0
BRDA:80,14,1,0
BRDA:80,14,2,0
BRDA:85,15,0,0
BRDA:85,15,1,0
BRDA:85,16,0,0
BRDA:85,16,1,0
BRDA:86,17,0,0
BRDA:87,18,0,0
BRDA:87,18,1,0
BRDA:102,19,0,0
BRDA:102,19,1,0
BRDA:103,20,0,0
BRDA:103,20,1,0
BRDA:112,21,0,0
BRDA:125,22,0,0
BRDA:125,23,0,0
BRDA:125,23,1,0
BRDA:142,24,0,0
BRDA:147,25,0,0
BRDA:147,26,0,0
BRDA:147,26,1,0
BRDA:173,27,0,0
BRDA:173,27,1,0
BRDA:220,28,0,0
BRDA:220,28,1,0
BRDA:244,29,0,0
BRDA:244,29,1,0
BRDA:250,30,0,0
BRDA:250,30,1,0
BRDA:250,30,2,0
BRF:57
BRH:0
end_of_record
TN:
SF:components\common\Material3Button.tsx
FN:36,Material3Button
FN:83,getVariantStyles
FN:148,handlePressIn
FN:160,handlePressOut
FN:167,handlePress
FN:176,(anonymous_14)
FNF:6
FNH:0
FNDA:0,Material3Button
FNDA:0,getVariantStyles
FNDA:0,handlePressIn
FNDA:0,handlePressOut
FNDA:0,handlePress
FNDA:0,(anonymous_14)
DA:6,0
DA:7,0
DA:16,0
DA:36,0
DA:37,0
DA:38,0
DA:39,0
DA:40,0
DA:41,0
DA:42,0
DA:43,0
DA:44,0
DA:45,0
DA:46,0
DA:47,0
DA:48,0
DA:50,0
DA:51,0
DA:52,0
DA:53,0
DA:56,0
DA:80,0
DA:83,0
DA:84,0
DA:86,0
DA:88,0
DA:100,0
DA:112,0
DA:126,0
DA:138,0
DA:145,0
DA:148,0
DA:149,0
DA:151,0
DA:152,0
DA:154,0
DA:160,0
DA:161,0
DA:163,0
DA:164,0
DA:167,0
DA:168,0
DA:171,0
DA:172,0
DA:176,0
DA:177,0
DA:178,0
DA:180,0
DA:185,0
DA:190,0
DA:195,0
DA:200,0
DA:311,0
LF:53
LH:0
BRDA:39,0,0,0
BRDA:39,0,1,0
BRDA:40,1,0,0
BRDA:40,1,1,0
BRDA:41,2,0,0
BRDA:41,2,1,0
BRDA:42,3,0,0
BRDA:42,3,1,0
BRDA:44,4,0,0
BRDA:44,4,1,0
BRDA:45,5,0,0
BRDA:45,5,1,0
BRDA:46,6,0,0
BRDA:46,6,1,0
BRDA:84,7,0,0
BRDA:84,7,1,0
BRDA:86,8,0,0
BRDA:86,8,1,0
BRDA:86,8,2,0
BRDA:86,8,3,0
BRDA:86,8,4,0
BRDA:90,9,0,0
BRDA:90,9,1,0
BRDA:94,10,0,0
BRDA:94,10,1,0
BRDA:102,11,0,0
BRDA:102,11,1,0
BRDA:106,12,0,0
BRDA:106,12,1,0
BRDA:116,13,0,0
BRDA:116,13,1,0
BRDA:120,14,0,0
BRDA:120,14,1,0
BRDA:132,15,0,0
BRDA:132,15,1,0
BRDA:149,16,0,0
BRDA:149,17,0,0
BRDA:149,17,1,0
BRDA:161,18,0,0
BRDA:161,19,0,0
BRDA:161,19,1,0
BRDA:168,20,0,0
BRDA:168,21,0,0
BRDA:168,21,1,0
BRDA:172,22,0,0
BRDA:172,22,1,0
BRDA:177,23,0,0
BRDA:177,23,1,0
BRDA:205,24,0,0
BRDA:205,24,1,0
BRDA:208,25,0,0
BRDA:208,25,1,0
BRDA:209,26,0,0
BRDA:209,26,1,0
BRDA:240,27,0,0
BRDA:240,27,1,0
BRDA:249,28,0,0
BRDA:249,28,1,0
BRDA:257,29,0,0
BRDA:257,29,1,0
BRDA:267,30,0,0
BRDA:267,30,1,0
BRDA:267,30,2,0
BRDA:267,30,3,0
BRDA:295,31,0,0
BRDA:295,31,1,0
BRDA:295,31,2,0
BRDA:295,31,3,0
BRF:68
BRH:0
end_of_record
TN:
SF:components\common\Material3Card.tsx
FN:35,Material3Card
FN:71,getBaseElevation
FN:84,getHoverElevation
FN:97,getStaticElevationStyle
FN:126,getVariantStyles
FN:155,handlePressIn
FN:160,handlePressOut
FN:165,handlePress
FN:171,CardContent
FNF:9
FNH:0
FNDA:0,Material3Card
FNDA:0,getBaseElevation
FNDA:0,getHoverElevation
FNDA:0,getStaticElevationStyle
FNDA:0,getVariantStyles
FNDA:0,handlePressIn
FNDA:0,handlePressOut
FNDA:0,handlePress
FNDA:0,CardContent
DA:6,0
DA:7,0
DA:35,0
DA:36,0
DA:37,0
DA:38,0
DA:39,0
DA:40,0
DA:41,0
DA:42,0
DA:43,0
DA:44,0
DA:45,0
DA:46,0
DA:47,0
DA:48,0
DA:49,0
DA:51,0
DA:54,0
DA:69,0
DA:72,0
DA:74,0
DA:76,0
DA:78,0
DA:80,0
DA:85,0
DA:87,0
DA:89,0
DA:91,0
DA:93,0
DA:98,0
DA:100,0
DA:101,0
DA:110,0
DA:112,0
DA:119,0
DA:126,0
DA:127,0
DA:129,0
DA:134,0
DA:139,0
DA:146,0
DA:152,0
DA:155,0
DA:156,0
DA:157,0
DA:160,0
DA:161,0
DA:162,0
DA:165,0
DA:166,0
DA:167,0
DA:171,0
DA:198,0
DA:199,0
DA:215,0
DA:218,0
LF:57
LH:0
BRDA:37,0,0,0
BRDA:37,0,1,0
BRDA:38,1,0,0
BRDA:38,1,1,0
BRDA:40,2,0,0
BRDA:40,2,1,0
BRDA:43,3,0,0
BRDA:43,3,1,0
BRDA:44,4,0,0
BRDA:44,4,1,0
BRDA:72,5,0,0
BRDA:72,5,1,0
BRDA:72,5,2,0
BRDA:72,5,3,0
BRDA:85,6,0,0
BRDA:85,6,1,0
BRDA:85,6,2,0
BRDA:85,6,3,0
BRDA:98,7,0,0
BRDA:98,7,1,0
BRDA:98,8,0,0
BRDA:98,8,1,0
BRDA:100,9,0,0
BRDA:100,9,1,0
BRDA:127,10,0,0
BRDA:127,10,1,0
BRDA:127,10,2,0
BRDA:127,10,3,0
BRDA:156,11,0,0
BRDA:156,12,0,0
BRDA:156,12,1,0
BRDA:161,13,0,0
BRDA:161,14,0,0
BRDA:161,14,1,0
BRDA:166,15,0,0
BRDA:167,16,0,0
BRDA:167,16,1,0
BRDA:177,17,0,0
BRDA:177,17,1,0
BRDA:178,18,0,0
BRDA:178,18,1,0
BRDA:198,19,0,0
BRDA:205,20,0,0
BRDA:205,20,1,0
BRF:44
BRH:0
end_of_record
TN:
SF:components\common\MediaUpload.tsx
FN:53,MediaUpload
FN:74,getModuleColors
FN:111,(anonymous_11)
FN:111,(anonymous_12)
FN:111,requestPermissions
FN:123,validateFile
FN:144,(anonymous_15)
FN:144,(anonymous_16)
FN:144,pickImages
FN:193,(anonymous_18)
FN:193,(anonymous_19)
FN:193,pickVideos
FN:226,(anonymous_21)
FN:226,(anonymous_22)
FN:226,pickDocuments
FN:272,removeMedia
FN:276,renderMediaItem
FN:306,onPress
FN:316,renderUploadOptions
FN:418,(anonymous_28)
FNF:20
FNH:0
FNDA:0,MediaUpload
FNDA:0,getModuleColors
FNDA:0,(anonymous_11)
FNDA:0,(anonymous_12)
FNDA:0,requestPermissions
FNDA:0,validateFile
FNDA:0,(anonymous_15)
FNDA:0,(anonymous_16)
FNDA:0,pickImages
FNDA:0,(anonymous_18)
FNDA:0,(anonymous_19)
FNDA:0,pickVideos
FNDA:0,(anonymous_21)
FNDA:0,(anonymous_22)
FNDA:0,pickDocuments
FNDA:0,removeMedia
FNDA:0,renderMediaItem
FNDA:0,onPress
FNDA:0,renderUploadOptions
FNDA:0,(anonymous_28)
DA:6,0
DA:7,0
DA:18,0
DA:19,0
DA:20,0
DA:22,0
DA:53,0
DA:54,0
DA:55,0
DA:56,0
DA:57,0
DA:58,0
DA:59,0
DA:60,0
DA:61,0
DA:62,0
DA:63,0
DA:64,0
DA:65,0
DA:66,0
DA:67,0
DA:68,0
DA:69,0
DA:70,0
DA:71,0
DA:74,0
DA:75,0
DA:78,0
DA:86,0
DA:93,0
DA:100,0
DA:109,0
DA:111,0
DA:112,0
DA:113,0
DA:114,0
DA:118,0
DA:120,0
DA:121,0
DA:123,0
DA:124,0
DA:125,0
DA:131,0
DA:132,0
DA:133,0
DA:134,0
DA:141,0
DA:144,0
DA:145,0
DA:147,0
DA:148,0
DA:155,0
DA:156,0
DA:157,0
DA:159,0
DA:160,0
DA:161,0
DA:164,0
DA:165,0
DA:166,0
DA:173,0
DA:175,0
DA:179,0
DA:180,0
DA:183,0
DA:184,0
DA:189,0
DA:191,0
DA:193,0
DA:194,0
DA:196,0
DA:197,0
DA:203,0
DA:204,0
DA:205,0
DA:207,0
DA:208,0
DA:215,0
DA:217,0
DA:222,0
DA:224,0
DA:226,0
DA:227,0
DA:228,0
DA:233,0
DA:234,0
DA:235,0
DA:237,0
DA:238,0
DA:239,0
DA:242,0
DA:243,0
DA:244,0
DA:252,0
DA:254,0
DA:258,0
DA:259,0
DA:262,0
DA:263,0
DA:268,0
DA:270,0
DA:272,0
DA:273,0
DA:276,0
DA:277,0
DA:279,0
DA:306,0
DA:316,0
DA:317,0
DA:319,0
DA:321,0
DA:383,0
DA:418,0
DA:454,0
LF:114
LH:0
BRDA:54,0,0,0
BRDA:54,0,1,0
BRDA:55,1,0,0
BRDA:55,1,1,0
BRDA:56,2,0,0
BRDA:56,2,1,0
BRDA:57,3,0,0
BRDA:57,3,1,0
BRDA:63,4,0,0
BRDA:63,4,1,0
BRDA:65,5,0,0
BRDA:65,5,1,0
BRDA:66,6,0,0
BRDA:66,6,1,0
BRDA:67,7,0,0
BRDA:67,7,1,0
BRDA:75,8,0,0
BRDA:75,8,1,0
BRDA:75,8,2,0
BRDA:75,8,3,0
BRDA:75,8,4,0
BRDA:75,8,5,0
BRDA:113,9,0,0
BRDA:124,10,0,0
BRDA:124,11,0,0
BRDA:124,11,1,0
BRDA:131,12,0,0
BRDA:132,13,0,0
BRDA:132,13,1,0
BRDA:133,14,0,0
BRDA:133,15,0,0
BRDA:133,15,1,0
BRDA:145,16,0,0
BRDA:155,17,0,0
BRDA:155,18,0,0
BRDA:155,18,1,0
BRDA:160,19,0,0
BRDA:165,20,0,0
BRDA:165,20,1,0
BRDA:170,21,0,0
BRDA:170,21,1,0
BRDA:171,22,0,0
BRDA:171,22,1,0
BRDA:179,23,0,0
BRDA:180,24,0,0
BRDA:180,24,1,0
BRDA:183,25,0,0
BRDA:194,26,0,0
BRDA:203,27,0,0
[...]
DA:312,0
DA:313,0
DA:318,0
DA:319,0
DA:324,0
DA:325,0
DA:330,0
DA:331,0
DA:335,0
DA:336,0
DA:337,0
DA:341,0
DA:342,0
DA:343,0
DA:347,0
DA:348,0
DA:349,0
DA:357,0
DA:358,0
DA:359,0
DA:364,0
DA:367,0
DA:368,0
DA:372,0
DA:373,0
DA:374,0
DA:376,0
DA:387,0
DA:390,0
DA:391,0
DA:392,0
DA:394,0
DA:400,0
DA:403,0
DA:404,0
DA:407,0
DA:408,0
DA:411,0
DA:412,0
DA:416,0
DA:417,0
DA:418,0
DA:421,0
DA:422,0
DA:423,0
DA:426,0
DA:427,0
DA:430,0
DA:431,0
DA:435,0
DA:437,0
DA:438,0
DA:440,0
DA:441,0
DA:442,0
DA:443,0
DA:444,0
DA:446,0
DA:447,0
DA:449,0
DA:452,0
DA:455,0
DA:456,0
DA:457,0
DA:458,0
DA:459,0
DA:464,0
DA:465,0
DA:466,0
DA:467,0
DA:468,0
LF:190
LH:0
BRDA:70,0,0,0
BRDA:70,0,1,0
BRDA:73,1,0,0
BRDA:73,2,0,0
BRDA:73,2,1,0
BRDA:61,3,0,0
BRDA:80,4,0,0
BRDA:93,5,0,0
BRDA:100,6,0,0
BRDA:110,7,0,0
BRDA:110,7,1,0
BRDA:111,8,0,0
BRDA:122,9,0,0
BRDA:122,9,1,0
BRDA:122,10,0,0
BRDA:122,10,1,0
BRDA:123,11,0,0
BRDA:129,12,0,0
BRDA:129,13,0,0
BRDA:129,13,1,0
BRDA:130,14,0,0
BRDA:139,15,0,0
BRDA:139,16,0,0
BRDA:139,16,1,0
BRDA:141,17,0,0
BRDA:141,17,1,0
BRDA:150,18,0,0
BRDA:150,18,1,0
BRDA:169,19,0,0
BRDA:203,20,0,0
BRDA:223,21,0,0
BRDA:232,22,0,0
BRDA:238,23,0,0
BRDA:271,24,0,0
BRDA:305,25,0,0
BRDA:390,26,0,0
BRDA:390,26,1,0
BRDA:50,27,0,0
BRDA:459,28,0,0
BRDA:468,29,0,0
BRF:40
BRH:0
end_of_record
TN:
SF:utils\responsive.ts
FN:14,getDeviceType
FN:23,useResponsiveDimensions
FN:39,wp
FN:46,hp
FN:53,getResponsiveFontSize
FN:68,getResponsiveSpacing
FN:81,getContainerPadding
FN:95,getContentMaxWidth
FN:109,getGridColumns
FN:129,getCardWidth
FN:145,getIconSize
FN:160,getCrossPlatformShadow
FN:204,getGapSize
FN:214,getResponsiveMargin
FN:228,getResponsivePadding
FN:243,getBorderRadius
FN:253,useResponsiveLayout
FN:265,iconSize
FN:266,gapSize
FN:267,borderRadius
FN:272,getDynamicDimensions
FNF:21
FNH:3
FNDA:8,getDeviceType
FNDA:0,useResponsiveDimensions
FNDA:0,wp
FNDA:0,hp
FNDA:4,getResponsiveFontSize
FNDA:4,getResponsiveSpacing
FNDA:0,getContainerPadding
FNDA:0,getContentMaxWidth
FNDA:0,getGridColumns
FNDA:0,getCardWidth
FNDA:0,getIconSize
FNDA:0,getCrossPlatformShadow
FNDA:0,getGapSize
FNDA:0,getResponsiveMargin
FNDA:0,getResponsivePadding
FNDA:0,getBorderRadius
FNDA:0,useResponsiveLayout
FNDA:0,iconSize
FNDA:0,gapSize
FNDA:0,borderRadius
FNDA:0,getDynamicDimensions
DA:1,4
DA:4,4
DA:14,4
DA:15,8
DA:16,8
DA:17,8
DA:18,8
DA:19,8
DA:23,4
DA:24,0
DA:25,0
DA:27,0
DA:39,4
DA:40,0
DA:41,0
DA:42,0
DA:46,4
DA:47,0
DA:48,0
DA:49,0
DA:53,4
DA:65,4
DA:68,4
DA:78,4
DA:81,4
DA:82,0
DA:84,0
DA:86,0
DA:88,0
DA:90,0
DA:95,4
DA:96,0
DA:98,0
DA:100,0
DA:102,0
DA:104,0
DA:109,4
DA:110,0
DA:112,0
DA:114,0
DA:115,0
DA:117,0
DA:118,0
DA:120,0
DA:121,0
DA:123,0
DA:125,0
DA:129,4
DA:130,0
DA:131,0
DA:132,0
DA:133,0
DA:134,0
DA:135,0
DA:136,0
DA:138,0
DA:139,0
DA:141,0
DA:145,4
DA:146,0
DA:147,0
DA:149,0
DA:156,0
DA:160,4
DA:169,0
DA:170,0
DA:171,0
DA:172,0
DA:173,0
DA:174,0
DA:175,0
DA:178,0
DA:179,0
DA:185,0
DA:186,0
DA:192,0
DA:204,4
DA:205,0
DA:210,0
DA:214,4
DA:215,0
DA:216,0
DA:218,0
DA:220,0
DA:222,0
DA:224,0
DA:228,4
DA:229,0
DA:230,0
DA:232,0
DA:234,0
DA:236,0
DA:238,0
DA:243,4
DA:244,0
DA:249,0
DA:253,4
DA:254,0
DA:255,0
DA:257,0
DA:265,0
DA:266,0
DA:267,0
DA:272,4
DA:273,0
DA:274,0
DA:275,0
LF:107
LH:27
BRDA:15,0,0,0
BRDA:15,0,1,8
BRDA:16,1,0,0
BRDA:17,2,0,0
BRDA:18,3,0,0
BRDA:33,4,0,0
BRDA:33,4,1,0
BRDA:40,5,0,0
BRDA:40,5,1,0
BRDA:47,6,0,0
BRDA:47,6,1,0
BRDA:54,7,0,0
BRDA:54,7,1,4
BRDA:54,8,0,0
BRDA:54,8,1,4
BRDA:54,9,0,0
BRDA:54,9,1,4
BRDA:55,10,0,0
BRDA:55,10,1,4
BRDA:55,11,0,0
BRDA:55,11,1,4
BRDA:55,12,0,0
BRDA:55,12,1,4
BRDA:56,13,0,0
BRDA:56,13,1,4
BRDA:56,14,0,0
BRDA:56,14,1,4
BRDA:56,15,0,0
BRDA:56,15,1,4
BRDA:57,16,0,0
BRDA:57,16,1,4
BRDA:57,17,0,0
BRDA:57,17,1,4
BRDA:57,18,0,0
BRDA:57,18,1,4
BRDA:58,19,0,0
BRDA:58,19,1,4
BRDA:58,20,0,0
BRDA:58,20,1,4
BRDA:58,21,0,0
BRDA:58,21,1,4
BRDA:59,22,0,0
BRDA:59,22,1,4
BRDA:59,23,0,0
BRDA:59,23,1,4
BRDA:59,24,0,0
BRDA:59,24,1,4
BRDA:60,25,0,0
BRDA:60,25,1,4
BRDA:60,26,0,0
BRDA:60,26,1,4
BRDA:60,27,0,0
BRDA:60,27,1,4
BRDA:61,28,0,0
BRDA:61,28,1,4
BRDA:61,29,0,0
BRDA:61,29,1,4
BRDA:61,30,0,0
BRDA:61,30,1,4
BRDA:69,31,0,0
BRDA:69,31,1,4
BRDA:69,32,0,0
BRDA:69,32,1,4
BRDA:69,33,0,0
BRDA:69,33,1,4
BRDA:70,34,0,0
BRDA:70,34,1,4
BRDA:70,35,0,0
BRDA:70,35,1,4
BRDA:70,36,0,0
BRDA:70,36,1,4
BRDA:71,37,0,0
BRDA:71,37,1,4
BRDA:71,38,0,0
BRDA:71,38,1,4
BRDA:71,39,0,0
BRDA:71,39,1,4
BRDA:72,40,0,0
BRDA:72,40,1,4
BRDA:72,41,0,0
BRDA:72,41,1,4
BRDA:72,42,0,0
BRDA:72,42,1,4
BRDA:73,43,0,0
BRDA:73,43,1,4
BRDA:73,44,0,0
BRDA:73,44,1,4
BRDA:73,45,0,0
BRDA:73,45,1,4
BRDA:74,46,0,0
BRDA:74,46,1,4
BRDA:74,47,0,0
BRDA:74,47,1,4
BRDA:74,48,0,0
BRDA:74,48,1,4
BRDA:82,49,0,0
BRDA:82,49,1,0
BRDA:82,49,2,0
BRDA:82,49,3,0
BRDA:96,50,0,0
BRDA:96,50,1,0
BRDA:96,50,2,0
BRDA:96,50,3,0
BRDA:110,51,0,0
BRDA:110,51,1,0
BRDA:112,52,0,0
BRDA:112,52,1,0
BRDA:112,52,2,0
BRDA:112,52,3,0
BRDA:125,53,0,0
BRDA:125,53,1,0
BRDA:130,54,0,0
BRDA:130,54,1,0
BRDA:131,55,0,0
BRDA:131,55,1,0
BRDA:134,56,0,0
BRDA:134,56,1,0
BRDA:135,57,0,0
BRDA:135,57,1,0
BRDA:135,58,0,0
BRDA:135,58,1,0
BRDA:135,59,0,0
BRDA:135,59,1,0
BRDA:139,60,0,0
BRDA:139,60,1,0
BRDA:139,61,0,0
BRDA:139,61,1,0
BRDA:146,62,0,0
BRDA:146,62,1,0
BRDA:147,63,0,0
BRDA:147,63,1,0
BRDA:147,64,0,0
BRDA:147,64,1,0
BRDA:147,65,0,0
BRDA:147,65,1,0
BRDA:169,66,0,0
BRDA:169,66,1,0
BRDA:170,67,0,0
BRDA:170,67,1,0
BRDA:171,68,0,0
BRDA:171,68,1,0
BRDA:172,69,0,0
BRDA:172,69,1,0
BRDA:173,70,0,0
BRDA:173,70,1,0
BRDA:174,71,0,0
BRDA:174,71,1,0
BRDA:178,72,0,0
BRDA:178,72,1,0
BRDA:185,73,0,0
BRDA:185,73,1,0
BRDA:204,74,0,0
BRDA:204,74,1,0
BRDA:204,75,0,0
BRDA:204,75,1,0
BRDA:216,76,0,0
BRDA:216,76,1,0
BRDA:216,76,2,0
BRDA:216,76,3,0
BRDA:230,77,0,0
BRDA:230,77,1,0
BRDA:230,77,2,0
BRDA:230,77,3,0
BRDA:243,78,0,0
BRDA:243,78,1,0
BRDA:243,79,0,0
BRDA:243,79,1,0
BRF:167
BRH:43
end_of_record
TN:
SF:utils\roleAccessControl.tsx
FN:66,getCurrentUserRole
FN:87,hasPermission
FN:110,navigationGuard
FN:133,withRoleAccess
FN:139,(anonymous_5)
FN:158,canModifyResource
FN:180,getRoleDataFilter
FN:217,canSwitchToRole
FNF:8
FNH:0
FNDA:0,getCurrentUserRole
FNDA:0,hasPermission
FNDA:0,navigationGuard
FNDA:0,withRoleAccess
FNDA:0,(anonymous_5)
FNDA:0,canModifyResource
FNDA:0,getRoleDataFilter
FNDA:0,canSwitchToRole
DA:6,0
DA:7,0
DA:9,0
DA:13,0
DA:66,0
DA:67,0
DA:68,0
DA:70,0
DA:71,0
DA:74,0
DA:76,0
DA:78,0
DA:80,0
DA:82,0
DA:87,0
DA:90,0
DA:92,0
DA:94,0
DA:96,0
DA:99,0
DA:100,0
DA:102,0
DA:106,0
DA:110,0
DA:116,0
DA:117,0
DA:119,0
DA:125,0
DA:128,0
DA:129,0
DA:133,0
DA:139,0
DA:140,0
DA:143,0
DA:144,0
DA:145,0
DA:146,0
DA:150,0
DA:153,0
DA:158,0
DA:162,0
DA:163,0
DA:165,0
DA:167,0
DA:170,0
DA:172,0
DA:176,0
DA:180,0
DA:184,0
DA:186,0
DA:188,0
DA:190,0
DA:193,0
DA:196,0
DA:198,0
DA:201,0
DA:204,0
DA:206,0
DA:209,0
DA:212,0
DA:217,0
DA:221,0
DA:222,0
DA:224,0
DA:225,0
DA:232,0
DA:233,0
DA:234,0
DA:241,0
DA:245,0
DA:249,0
DA:253,0
LF:72
LH:0
BRDA:70,0,0,0
BRDA:74,1,0,0
BRDA:74,1,1,0
BRDA:74,1,2,0
BRDA:74,1,3,0
BRDA:76,2,0,0
BRDA:76,2,1,0
BRDA:76,3,0,0
BRDA:76,3,1,0
BRDA:78,4,0,0
BRDA:78,4,1,0
BRDA:78,5,0,0
BRDA:78,5,1,0
BRDA:80,6,0,0
BRDA:80,6,1,0
BRDA:80,7,0,0
BRDA:80,7,1,0
BRDA:90,8,0,0
BRDA:90,8,1,0
BRDA:90,9,0,0
BRDA:90,9,1,0
BRDA:94,10,0,0
BRDA:99,11,0,0
BRDA:99,11,1,0
BRDA:99,12,0,0
BRDA:99,12,1,0
BRDA:99,13,0,0
BRDA:99,13,1,0
BRDA:102,14,0,0
BRDA:116,15,0,0
BRDA:121,16,0,0
BRDA:121,16,1,0
BRDA:143,17,0,0
BRDA:143,18,0,0
BRDA:143,18,1,0
BRDA:144,19,0,0
BRDA:163,20,0,0
BRDA:163,20,1,0
BRDA:165,21,0,0
BRDA:172,22,0,0
BRDA:186,23,0,0
BRDA:186,23,1,0
BRDA:186,23,2,0
BRDA:186,23,3,0
BRDA:188,24,0,0
BRDA:196,25,0,0
BRDA:204,26,0,0
BRDA:224,27,0,0
BRDA:232,28,0,0
BRDA:232,29,0,0
BRDA:232,29,1,0
BRDA:233,30,0,0
BRDA:241,31,0,0
BRDA:241,32,0,0
BRDA:241,32,1,0
BRDA:245,33,0,0
BRDA:245,34,0,0
BRDA:245,34,1,0
BRF:58
BRH:0
end_of_record
TN:
SF:utils\screenOptimization.tsx
FN:22,withScreenOptimization
FN:30,(anonymous_10)
FN:35,(anonymous_11)
FN:41,(anonymous_12)
FN:53,(anonymous_13)
FN:59,(anonymous_14)
FN:75,useDeferredOperations
FN:76,(anonymous_16)
FN:78,(anonymous_17)
FN:80,(anonymous_18)
FN:85,(anonymous_19)
FN:95,useScreenOptimization
FN:99,(anonymous_21)
FN:103,(anonymous_22)
FN:108,(anonymous_23)
FN:109,(anonymous_24)
FN:117,isMounted
FN:119,getRenderTime
FN:126,(anonymous_27)
FN:137,createLazyScreen
FN:143,(anonymous_29)
FN:146,(anonymous_30)
FN:148,(anonymous_31)
FN:152,(anonymous_32)
FN:177,(anonymous_33)
FN:181,(anonymous_34)
FN:186,(anonymous_35)
FN:192,(anonymous_36)
FN:198,(anonymous_37)
FN:204,(anonymous_38)
FN:207,(anonymous_39)
FNF:31
FNH:0
FNDA:0,withScreenOptimization
FNDA:0,(anonymous_10)
FNDA:0,(anonymous_11)
FNDA:0,(anonymous_12)
FNDA:0,(anonymous_13)
FNDA:0,(anonymous_14)
FNDA:0,useDeferredOperations
FNDA:0,(anonymous_16)
FNDA:0,(anonymous_17)
FNDA:0,(anonymous_18)
FNDA:0,(anonymous_19)
FNDA:0,useScreenOptimization
FNDA:0,(anonymous_21)
FNDA:0,(anonymous_22)
FNDA:0,(anonymous_23)
FNDA:0,(anonymous_24)
FNDA:0,isMounted
FNDA:0,getRenderTime
FNDA:0,(anonymous_27)
FNDA:0,createLazyScreen
FNDA:0,(anonymous_29)
FNDA:0,(anonymous_30)
FNDA:0,(anonymous_31)
FNDA:0,(anonymous_32)
FNDA:0,(anonymous_33)
FNDA:0,(anonymous_34)
FNDA:0,(anonymous_35)
FNDA:0,(anonymous_36)
FNDA:0,(anonymous_37)
FNDA:0,(anonymous_38)
FNDA:0,(anonymous_39)
DA:6,0
DA:7,0
DA:22,0
DA:30,0
DA:31,0
DA:32,0
DA:33,0
DA:35,0
DA:36,0
DA:37,0
DA:40,0
DA:41,0
DA:42,0
DA:43,0
DA:46,0
DA:47,0
DA:53,0
DA:54,0
DA:55,0
DA:59,0
DA:60,0
DA:64,0
DA:67,0
DA:69,0
DA:75,0
DA:76,0
DA:78,0
DA:80,0
DA:81,0
DA:85,0
DA:86,0
DA:95,0
DA:96,0
DA:97,0
DA:99,0
DA:100,0
DA:101,0
DA:103,0
DA:104,0
DA:108,0
DA:109,0
DA:110,0
DA:111,0
DA:116,0
DA:117,0
DA:119,0
DA:126,0
DA:132,0
DA:137,0
DA:141,0
DA:143,0
DA:144,0
DA:146,0
DA:148,0
DA:149,0
DA:152,0
DA:153,0
DA:157,0
DA:158,0
DA:161,0
DA:168,0
DA:170,0
DA:176,0
DA:177,0
DA:178,0
DA:179,0
DA:181,0
DA:182,0
DA:184,0
DA:186,0
DA:187,0
DA:188,0
DA:192,0
DA:193,0
DA:194,0
DA:198,0
DA:199,0
DA:204,0
DA:205,0
DA:207,0
DA:212,0
DA:213,0
DA:216,0
DA:220,0
DA:222,0
DA:231,0
LF:86
LH:0
BRDA:40,0,0,0
BRDA:40,1,0,0
BRDA:40,1,1,0
BRDA:42,2,0,0
BRDA:47,3,0,0
BRDA:47,4,0,0
BRDA:47,4,1,0
BRDA:75,5,0,0
BRDA:75,5,1,0
BRDA:75,6,0,0
BRDA:75,6,1,0
BRDA:110,7,0,0
BRDA:157,8,0,0
BRDA:177,9,0,0
BRDA:177,9,1,0
BRDA:177,10,0,0
BRDA:177,10,1,0
BRDA:184,11,0,0
BRDA:187,12,0,0
BRDA:205,13,0,0
BRDA:205,14,0,0
BRDA:205,14,1,0
BRDA:212,15,0,0
BRF:23
BRH:0
end_of_record
TN:
SF:utils\screenWrapper.tsx
FN:51,withScreenWrapper
FN:55,(anonymous_10)
FN:61,(anonymous_11)
FN:66,(anonymous_12)
FN:73,(anonymous_13)
FN:79,(anonymous_14)
FN:82,executeMount
FN:89,(anonymous_16)
FN:90,(anonymous_17)
FN:92,(anonymous_18)
FN:100,(anonymous_19)
FN:109,(anonymous_20)
FN:121,(anonymous_21)
FN:124,executeFocus
FN:128,(anonymous_23)
FN:129,(anonymous_24)
FN:131,(anonymous_25)
FN:142,(anonymous_26)
FN:159,useOptimizedScreen
FN:169,(anonymous_28)
FN:171,(anonymous_29)
FN:177,(anonymous_30)
FN:180,execute
FN:185,(anonymous_32)
FN:186,(anonymous_33)
FN:188,(anonymous_34)
FN:193,(anonymous_35)
FN:198,(anonymous_36)
FN:205,(anonymous_37)
FN:208,(anonymous_38)
FN:210,(anonymous_39)
FN:212,(anonymous_40)
FN:218,(anonymous_41)
FN:225,isMounted
FN:232,deferOperation
FN:233,(anonymous_44)
FN:234,(anonymous_45)
FN:235,(anonymous_46)
FN:236,(anonymous_47)
FN:245,fastOperation
FN:246,(anonymous_49)
FNF:41
FNH:0
FNDA:0,withScreenWrapper
FNDA:0,(anonymous_10)
FNDA:0,(anonymous_11)
FNDA:0,(anonymous_12)
FNDA:0,(anonymous_13)
FNDA:0,(anonymous_14)
FNDA:0,executeMount
FNDA:0,(anonymous_16)
FNDA:0,(anonymous_17)
FNDA:0,(anonymous_18)
FNDA:0,(anonymous_19)
FNDA:0,(anonymous_20)
FNDA:0,(anonymous_21)
FNDA:0,executeFocus
FNDA:0,(anonymous_23)
FNDA:0,(anonymous_24)
FNDA:0,(anonymous_25)
FNDA:0,(anonymous_26)
FNDA:0,useOptimizedScreen
FNDA:0,(anonymous_28)
FNDA:0,(anonymous_29)
FNDA:0,(anonymous_30)
FNDA:0,execute
FNDA:0,(anonymous_32)
FNDA:0,(anonymous_33)
FNDA:0,(anonymous_34)
FNDA:0,(anonymous_35)
FNDA:0,(anonymous_36)
FNDA:0,(anonymous_37)
FNDA:0,(anonymous_38)
FNDA:0,(anonymous_39)
FNDA:0,(anonymous_40)
FNDA:0,(anonymous_41)
FNDA:0,isMounted
FNDA:0,deferOperation
FNDA:0,(anonymous_44)
FNDA:0,(anonymous_45)
FNDA:0,(anonymous_46)
FNDA:0,(anonymous_47)
FNDA:0,fastOperation
FNDA:0,(anonymous_49)
DA:7,0
DA:8,0
DA:9,0
DA:51,0
DA:55,0
DA:56,0
DA:57,0
DA:58,0
DA:61,0
DA:62,0
DA:65,0
DA:66,0
DA:67,0
DA:70,0
DA:73,0
DA:74,0
DA:79,0
DA:80,0
DA:82,0
DA:83,0
DA:84,0
DA:86,0
DA:87,0
DA:89,0
DA:90,0
DA:91,0
DA:92,0
DA:100,0
DA:107,0
DA:109,0
DA:110,0
DA:113,0
DA:118,0
DA:119,0
DA:120,0
DA:122,0
DA:124,0
DA:125,0
DA:128,0
DA:129,0
DA:130,0
DA:131,0
DA:140,0
DA:142,0
DA:143,0
DA:148,0
DA:151,0
DA:153,0
DA:159,0
DA:165,0
DA:166,0
DA:167,0
DA:169,0
DA:170,0
DA:171,0
DA:172,0
DA:177,0
DA:178,0
DA:180,0
DA:181,0
DA:182,0
DA:184,0
DA:185,0
DA:186,0
DA:187,0
DA:188,0
DA:193,0
DA:198,0
DA:199,0
DA:204,0
DA:206,0
DA:208,0
DA:209,0
DA:210,0
DA:211,0
DA:212,0
DA:218,0
DA:219,0
DA:224,0
DA:225,0
DA:232,0
DA:233,0
DA:234,0
DA:235,0
DA:236,0
DA:245,0
DA:246,0
DA:247,0
DA:251,0
LF:89
LH:0
BRDA:65,0,0,0
BRDA:65,0,1,0
BRDA:80,1,0,0
BRDA:80,2,0,0
BRDA:80,2,1,0
BRDA:83,3,0,0
BRDA:86,4,0,0
BRDA:87,5,0,0
BRDA:87,5,1,0
BRDA:91,6,0,0
BRDA:92,7,0,0
BRDA:92,7,1,0
BRDA:100,8,0,0
BRDA:100,8,1,0
BRDA:107,9,0,0
BRDA:107,9,1,0
BRDA:122,10,0,0
BRDA:122,11,0,0
BRDA:122,11,1,0
BRDA:125,12,0,0
BRDA:130,13,0,0
BRDA:130,14,0,0
BRDA:130,14,1,0
BRDA:178,15,0,0
BRDA:178,16,0,0
BRDA:178,16,1,0
BRDA:181,17,0,0
BRDA:184,18,0,0
BRDA:184,18,1,0
BRDA:187,19,0,0
BRDA:187,20,0,0
BRDA:187,20,1,0
BRDA:206,21,0,0
BRDA:209,22,0,0
BRDA:209,23,0,0
BRDA:209,23,1,0
BRDA:211,24,0,0
BRDA:211,25,0,0
BRDA:211,25,1,0
BRF:39
BRH:0
end_of_record
TN:
SF:utils\styleHelpers.ts
FN:145,combineStyles
FNF:1
FNH:0
FNDA:0,combineStyles
DA:2,0
DA:7,0
DA:33,0
DA:80,0
DA:99,0
DA:115,0
DA:137,0
DA:145,0
DA:146,0
DA:150,0
DA:174,0
DA:190,0
LF:12
LH:0
BRF:0
BRH:0
end_of_record
TN:
SF:utils\uiPolishIntegration.ts
FN:20,(anonymous_1)
FN:31,(anonymous_4)
FN:31,initialize
FN:31,(anonymous_6)
FN:69,(anonymous_7)
FN:69,loadPersistedSettings
FN:69,(anonymous_9)
FN:91,(anonymous_10)
FN:91,saveSettings
FN:102,setupIntegrationListeners
FN:104,(anonymous_13)
FN:121,(anonymous_14)
FN:138,getStatus
FN:148,toggleAnimations
FN:160,toggleHaptics
FN:167,setFontScale
FN:171,setHighContrast
FN:176,enablePerformanceMode
FN:183,disablePerformanceMode
FN:192,enableDebugMode
FN:196,getDebugInfo
FN:205,reset
FN:216,useUIPolishIntegration
FN:219,(anonymous_26)
FN:220,(anonymous_27)
FN:224,(anonymous_28)
FNF:26
FNH:0
FNDA:0,(anonymous_1)
FNDA:0,(anonymous_4)
FNDA:0,initialize
FNDA:0,(anonymous_6)
FNDA:0,(anonymous_7)
FNDA:0,loadPersistedSettings
FNDA:0,(anonymous_9)
FNDA:0,(anonymous_10)
FNDA:0,saveSettings
FNDA:0,setupIntegrationListeners
FNDA:0,(anonymous_13)
FNDA:0,(anonymous_14)
FNDA:0,getStatus
FNDA:0,toggleAnimations
FNDA:0,toggleHaptics
FNDA:0,setFontScale
FNDA:0,setHighContrast
FNDA:0,enablePerformanceMode
FNDA:0,disablePerformanceMode
FNDA:0,enableDebugMode
FNDA:0,getDebugInfo
FNDA:0,reset
FNDA:0,useUIPolishIntegration
FNDA:0,(anonymous_26)
FNDA:0,(anonymous_27)
FNDA:0,(anonymous_28)
DA:6,0
DA:7,0
DA:8,0
DA:9,0
DA:10,0
DA:20,0
DA:31,0
DA:32,0
DA:33,0
DA:37,0
DA:38,0
DA:42,0
DA:43,0
DA:47,0
DA:48,0
DA:51,0
DA:52,0
DA:56,0
DA:57,0
DA:63,0
DA:65,0
DA:69,0
DA:70,0
DA:71,0
DA:72,0
DA:73,0
DA:76,0
DA:77,0
DA:81,0
DA:82,0
DA:91,0
DA:92,0
DA:94,0
DA:95,0
DA:102,0
DA:104,0
DA:105,0
DA:107,0
DA:113,0
DA:121,0
DA:123,0
DA:124,0
DA:128,0
DA:129,0
DA:139,0
DA:149,0
DA:150,0
DA:152,0
DA:156,0
DA:161,0
DA:162,0
DA:163,0
DA:168,0
DA:172,0
DA:177,0
DA:184,0
DA:185,0
DA:193,0
DA:197,0
DA:206,0
DA:207,0
DA:216,0
DA:217,0
DA:219,0
DA:220,0
DA:221,0
DA:224,0
DA:227,0
DA:239,0
LF:69
LH:0
BRDA:32,0,0,0
BRDA:37,1,0,0
BRDA:42,2,0,0
BRDA:47,3,0,0
BRDA:51,4,0,0
BRDA:58,5,0,0
BRDA:58,5,1,0
BRDA:60,6,0,0
BRDA:60,6,1,0
BRDA:72,7,0,0
BRDA:76,8,0,0
BRDA:81,9,0,0
BRDA:92,10,0,0
BRDA:108,11,0,0
BRDA:108,11,1,0
BRDA:123,12,0,0
BRDA:123,12,1,0
BRDA:123,13,0,0
BRDA:123,13,1,0
BRDA:128,14,0,0
BRDA:128,15,0,0
BRDA:128,15,1,0
BRDA:153,16,0,0
BRDA:153,16,1,0
BRDA:186,17,0,0
BRDA:186,17,1,0
BRF:26
BRH:0
end_of_record
TN:
SF:utils\uiPolishSystem.ts
FN:14,(anonymous_9)
FN:14,(anonymous_10)
FN:16,(anonymous_11)
FN:30,(anonymous_12)
FN:38,configure
FN:43,createPressAnimation
FN:45,pressIn
FN:50,pressOut
FN:54,success
FN:63,triggerHaptic
FN:119,createStaggeredListAnimation
FN:120,(anonymous_21)
FN:122,startAnimation
FN:124,(anonymous_23)
FN:128,(anonymous_24)
FN:145,createEntranceAnimation
FN:168,createLoadingState
FN:172,startLoading
FN:184,stopLoading
FN:200,createCardAnimation
FN:202,hover
FN:211,unhover
FN:220,press
FN:230,release
FN:243,createNotificationAnimation
FN:263,show
FN:268,hide
FN:276,createFABAnimation
FN:278,show
FN:285,hide
FN:292,press
FN:301,createSearchAnimation
FN:303,focus
FN:313,blur
FN:326,announceAction
FN:331,enableReducedMotion
FN:338,enableFullMotion
FN:346,applyThemeAdjustments
FN:361,useUIPolish
FN:363,createPress
FN:364,createCard
FN:365,createEntrance
FN:367,createLoading
FN:368,createFAB
FN:369,createSearch
FN:370,haptic
FNF:46
FNH:0
FNDA:0,(anonymous_9)
FNDA:0,(anonymous_10)
FNDA:0,(anonymous_11)
FNDA:0,(anonymous_12)
FNDA:0,configure
FNDA:0,createPressAnimation
FNDA:0,pressIn
FNDA:0,pressOut
FNDA:0,success
FNDA:0,triggerHaptic
FNDA:0,createStaggeredListAnimation
FNDA:0,(anonymous_21)
FNDA:0,startAnimation
FNDA:0,(anonymous_23)
FNDA:0,(anonymous_24)
FNDA:0,createEntranceAnimation
FNDA:0,createLoadingState
FNDA:0,startLoading
FNDA:0,stopLoading
FNDA:0,createCardAnimation
FNDA:0,hover
FNDA:0,unhover
FNDA:0,press
FNDA:0,release
FNDA:0,createNotificationAnimation
FNDA:0,show
FNDA:0,hide
FNDA:0,createFABAnimation
FNDA:0,show
FNDA:0,hide
FNDA:0,press
FNDA:0,createSearchAnimation
FNDA:0,focus
FNDA:0,blur
FNDA:0,announceAction
FNDA:0,enableReducedMotion
FNDA:0,enableFullMotion
FNDA:0,applyThemeAdjustments
FNDA:0,useUIPolish
FNDA:0,createPress
FNDA:0,createCard
FNDA:0,createEntrance
FNDA:0,createLoading
FNDA:0,createFAB
FNDA:0,createSearch
FNDA:0,haptic
DA:6,0
DA:7,0
DA:11,0
DA:12,0
DA:14,0
DA:15,0
DA:30,0
DA:39,0
DA:43,0
DA:44,0
DA:46,0
DA:47,0
DA:48,0
DA:51,0
DA:52,0
DA:55,0
DA:56,0
DA:57,0
DA:64,0
DA:66,0
DA:67,0
DA:69,0
DA:71,0
DA:72,0
DA:74,0
DA:75,0
DA:77,0
DA:78,0
DA:80,0
DA:81,0
DA:83,0
DA:84,0
DA:86,0
DA:87,0
DA:91,0
DA:93,0
DA:94,0
DA:96,0
DA:97,0
DA:99,0
DA:100,0
DA:102,0
DA:103,0
DA:105,0
DA:106,0
DA:108,0
DA:109,0
DA:119,0
DA:120,0
DA:122,0
DA:123,0
DA:124,0
DA:125,0
DA:128,0
DA:138,0
DA:141,0
DA:145,0
DA:146,0
DA:147,0
DA:148,0
DA:151,0
DA:153,0
DA:154,0
DA:156,0
DA:157,0
DA:159,0
DA:160,0
DA:162,0
DA:163,0
DA:168,0
DA:169,0
DA:170,0
DA:172,0
DA:173,0
DA:174,0
DA:175,0
DA:178,0
DA:184,0
DA:185,0
DA:186,0
DA:187,0
DA:188,0
DA:191,0
DA:192,0
DA:193,0
DA:196,0
DA:200,0
DA:201,0
DA:203,0
DA:204,0
DA:212,0
DA:213,0
DA:221,0
DA:222,0
DA:228,0
DA:231,0
DA:232,0
DA:243,0
DA:244,0
DA:245,0
DA:246,0
DA:249,0
DA:256,0
DA:263,0
DA:264,0
DA:265,0
DA:268,0
DA:269,0
DA:272,0
DA:276,0
DA:277,0
DA:279,0
DA:280,0
DA:281,0
DA:283,0
DA:286,0
DA:287,0
DA:288,0
DA:290,0
DA:293,0
DA:294,0
DA:295,0
DA:301,0
DA:302,0
DA:304,0
DA:305,0
DA:311,0
DA:314,0
DA:315,0
DA:332,0
DA:339,0
DA:348,0
DA:349,0
DA:353,0
DA:361,0
DA:362,0
DA:363,0
DA:364,0
DA:365,0
DA:367,0
DA:368,0
DA:369,0
DA:370,0
DA:375,0
LF:144
LH:0
BRDA:46,0,0,0
BRDA:51,1,0,0
BRDA:55,2,0,0
BRDA:64,3,0,0
BRDA:67,4,0,0
BRDA:67,4,1,0
BRDA:69,5,0,0
BRDA:69,5,1,0
BRDA:69,5,2,0
BRDA:69,5,3,0
BRDA:69,5,4,0
BRDA:69,5,5,0
BRDA:91,6,0,0
BRDA:91,6,1,0
BRDA:91,6,2,0
BRDA:91,6,3,0
BRDA:91,6,4,0
BRDA:91,6,5,0
BRDA:119,7,0,0
BRDA:119,7,1,0
BRDA:119,8,0,0
BRDA:119,8,1,0
BRDA:123,9,0,0
BRDA:145,10,0,0
BRDA:145,10,1,0
BRDA:145,11,0,0
BRDA:145,11,1,0
BRDA:146,12,0,0
BRDA:151,13,0,0
BRDA:151,13,1,0
BRDA:151,13,2,0
BRDA:151,13,3,0
BRDA:173,14,0,0
BRDA:185,15,0,0
BRDA:203,16,0,0
BRDA:212,17,0,0
BRDA:221,18,0,0
BRDA:231,19,0,0
BRDA:243,20,0,0
BRDA:243,20,1,0
BRDA:243,21,0,0
BRDA:243,21,1,0
BRDA:244,22,0,0
BRDA:265,23,0,0
BRDA:265,23,1,0
BRDA:265,24,0,0
BRDA:265,24,1,0
BRDA:279,25,0,0
BRDA:286,26,0,0
BRDA:293,27,0,0
BRDA:304,28,0,0
BRDA:314,29,0,0
BRDA:348,30,0,0
BRDA:348,30,1,0
BRF:54
BRH:0
end_of_record
